{"contracts/actions/aave/AaveBorrow.sol":{"l":{"21":0,"30":0,"31":0,"32":0,"33":0,"34":0,"35":0,"37":0,"39":0,"44":0,"53":0,"58":0,"78":0,"81":0,"82":0,"85":0,"87":0,"89":0,"96":0,"111":0,"112":0,"113":0,"114":0,"115":0,"116":0},"path":"/Users/nenadpalinkasevic/Desktop/blockchain/defisaver-v3-contracts/contracts/actions/aave/AaveBorrow.sol","s":{"1":0,"2":0,"3":0,"4":0,"5":0,"6":0,"7":0,"8":0,"9":0,"10":0,"11":0,"12":0,"13":0,"14":0,"15":0,"16":0,"17":0,"18":0,"19":0,"20":0,"21":0,"22":0,"23":0,"24":0,"25":0},"b":{"1":[0,0]},"f":{"1":0,"2":0,"3":0,"4":0,"5":0},"fnMap":{"1":{"name":"executeAction","line":15,"loc":{"start":{"line":15,"column":4},"end":{"line":40,"column":4}}},"2":{"name":"executeActionDirect","line":43,"loc":{"start":{"line":43,"column":4},"end":{"line":54,"column":4}}},"3":{"name":"actionType","line":57,"loc":{"start":{"line":57,"column":4},"end":{"line":59,"column":4}}},"4":{"name":"_borrow","line":70,"loc":{"start":{"line":70,"column":4},"end":{"line":97,"column":4}}},"5":{"name":"parseInputs","line":99,"loc":{"start":{"line":99,"column":4},"end":{"line":117,"column":4}}}},"statementMap":{"1":{"start":{"line":21,"column":8},"end":{"line":21,"column":628}},"2":{"start":{"line":30,"column":8},"end":{"line":30,"column":82}},"3":{"start":{"line":31,"column":8},"end":{"line":31,"column":88}},"4":{"start":{"line":32,"column":8},"end":{"line":32,"column":82}},"5":{"start":{"line":33,"column":8},"end":{"line":33,"column":86}},"6":{"start":{"line":34,"column":8},"end":{"line":34,"column":74}},"7":{"start":{"line":35,"column":8},"end":{"line":35,"column":86}},"8":{"start":{"line":37,"column":8},"end":{"line":37,"column":89}},"9":{"start":{"line":39,"column":8},"end":{"line":39,"column":36}},"10":{"start":{"line":44,"column":8},"end":{"line":44,"column":1615}},"11":{"start":{"line":53,"column":8},"end":{"line":53,"column":65}},"12":{"start":{"line":58,"column":8},"end":{"line":58,"column":48}},"13":{"start":{"line":78,"column":8},"end":{"line":78,"column":60}},"14":{"start":{"line":81,"column":8},"end":{"line":81,"column":2891}},"15":{"start":{"line":82,"column":12},"end":{"line":82,"column":36}},"16":{"start":{"line":85,"column":8},"end":{"line":85,"column":88}},"17":{"start":{"line":87,"column":8},"end":{"line":87,"column":56}},"18":{"start":{"line":89,"column":8},"end":{"line":89,"column":3132}},"19":{"start":{"line":96,"column":8},"end":{"line":96,"column":22}},"20":{"start":{"line":111,"column":8},"end":{"line":111,"column":51}},"21":{"start":{"line":112,"column":8},"end":{"line":112,"column":54}},"22":{"start":{"line":113,"column":8},"end":{"line":113,"column":51}},"23":{"start":{"line":114,"column":8},"end":{"line":114,"column":53}},"24":{"start":{"line":115,"column":8},"end":{"line":115,"column":47}},"25":{"start":{"line":116,"column":8},"end":{"line":116,"column":53}}},"branchMap":{"1":{"line":81,"type":"if","locations":[{"start":{"line":81,"column":8},"end":{"line":81,"column":8}},{"start":{"line":81,"column":8},"end":{"line":81,"column":8}}]}}},"contracts/actions/aave/AavePayback.sol":{"l":{"22":0,"31":0,"32":0,"33":0,"34":0,"35":0,"36":0,"38":0,"40":0,"45":0,"54":0,"59":0,"80":0,"83":0,"84":0,"88":0,"89":0,"92":0,"93":0,"95":0,"97":0,"99":0,"102":0,"104":0,"111":0,"126":0,"127":0,"128":0,"129":0,"130":0,"131":0},"path":"/Users/nenadpalinkasevic/Desktop/blockchain/defisaver-v3-contracts/contracts/actions/aave/AavePayback.sol","s":{"1":0,"2":0,"3":0,"4":0,"5":0,"6":0,"7":0,"8":0,"9":0,"10":0,"11":0,"12":0,"13":0,"14":0,"15":0,"16":0,"17":0,"18":0,"19":0,"20":0,"21":0,"22":0,"23":0,"24":0,"25":0,"26":0,"27":0,"28":0,"29":0,"30":0,"31":0},"b":{"1":[0,0],"2":[0,0]},"f":{"1":0,"2":0,"3":0,"4":0,"5":0},"fnMap":{"1":{"name":"executeAction","line":16,"loc":{"start":{"line":16,"column":4},"end":{"line":41,"column":4}}},"2":{"name":"executeActionDirect","line":44,"loc":{"start":{"line":44,"column":4},"end":{"line":55,"column":4}}},"3":{"name":"actionType","line":58,"loc":{"start":{"line":58,"column":4},"end":{"line":60,"column":4}}},"4":{"name":"_payback","line":72,"loc":{"start":{"line":72,"column":4},"end":{"line":112,"column":4}}},"5":{"name":"parseInputs","line":114,"loc":{"start":{"line":114,"column":4},"end":{"line":132,"column":4}}}},"statementMap":{"1":{"start":{"line":22,"column":8},"end":{"line":22,"column":681}},"2":{"start":{"line":31,"column":8},"end":{"line":31,"column":82}},"3":{"start":{"line":32,"column":8},"end":{"line":32,"column":88}},"4":{"start":{"line":33,"column":8},"end":{"line":33,"column":82}},"5":{"start":{"line":34,"column":8},"end":{"line":34,"column":86}},"6":{"start":{"line":35,"column":8},"end":{"line":35,"column":78}},"7":{"start":{"line":36,"column":8},"end":{"line":36,"column":86}},"8":{"start":{"line":38,"column":8},"end":{"line":38,"column":93}},"9":{"start":{"line":40,"column":8},"end":{"line":40,"column":37}},"10":{"start":{"line":45,"column":8},"end":{"line":45,"column":1679}},"11":{"start":{"line":54,"column":8},"end":{"line":54,"column":68}},"12":{"start":{"line":59,"column":8},"end":{"line":59,"column":48}},"13":{"start":{"line":80,"column":8},"end":{"line":80,"column":60}},"14":{"start":{"line":83,"column":8},"end":{"line":83,"column":3090}},"15":{"start":{"line":84,"column":12},"end":{"line":84,"column":49}},"16":{"start":{"line":88,"column":8},"end":{"line":88,"column":3237}},"17":{"start":{"line":89,"column":12},"end":{"line":89,"column":36}},"18":{"start":{"line":92,"column":8},"end":{"line":92,"column":52}},"19":{"start":{"line":93,"column":8},"end":{"line":93,"column":61}},"20":{"start":{"line":95,"column":8},"end":{"line":95,"column":67}},"21":{"start":{"line":97,"column":8},"end":{"line":97,"column":67}},"22":{"start":{"line":99,"column":8},"end":{"line":99,"column":66}},"23":{"start":{"line":102,"column":8},"end":{"line":102,"column":52}},"24":{"start":{"line":104,"column":8},"end":{"line":104,"column":3784}},"25":{"start":{"line":111,"column":8},"end":{"line":111,"column":43}},"26":{"start":{"line":126,"column":8},"end":{"line":126,"column":51}},"27":{"start":{"line":127,"column":8},"end":{"line":127,"column":54}},"28":{"start":{"line":128,"column":8},"end":{"line":128,"column":51}},"29":{"start":{"line":129,"column":8},"end":{"line":129,"column":53}},"30":{"start":{"line":130,"column":8},"end":{"line":130,"column":49}},"31":{"start":{"line":131,"column":8},"end":{"line":131,"column":53}}},"branchMap":{"1":{"line":83,"type":"if","locations":[{"start":{"line":83,"column":8},"end":{"line":83,"column":8}},{"start":{"line":83,"column":8},"end":{"line":83,"column":8}}]},"2":{"line":88,"type":"if","locations":[{"start":{"line":88,"column":8},"end":{"line":88,"column":8}},{"start":{"line":88,"column":8},"end":{"line":88,"column":8}}]}}},"contracts/actions/aave/AaveSupply.sol":{"l":{"21":0,"30":0,"31":0,"32":0,"33":0,"34":0,"36":0,"38":0,"43":0,"52":0,"57":0,"78":0,"81":0,"82":0,"86":0,"87":0,"91":0,"94":0,"97":0,"99":0,"100":0,"103":0,"110":0,"125":0,"126":0,"127":0,"128":0,"129":0,"130":0},"path":"/Users/nenadpalinkasevic/Desktop/blockchain/defisaver-v3-contracts/contracts/actions/aave/AaveSupply.sol","s":{"1":0,"2":0,"3":0,"4":0,"5":0,"6":0,"7":0,"8":0,"9":0,"10":0,"11":0,"12":0,"13":0,"14":0,"15":0,"16":0,"17":0,"18":0,"19":0,"20":0,"21":0,"22":0,"23":0,"24":0,"25":0,"26":0,"27":0,"28":0,"29":0},"b":{"1":[0,0],"2":[0,0],"3":[0,0]},"f":{"1":0,"2":0,"3":0,"4":0,"5":0},"fnMap":{"1":{"name":"executeAction","line":15,"loc":{"start":{"line":15,"column":4},"end":{"line":39,"column":4}}},"2":{"name":"executeActionDirect","line":42,"loc":{"start":{"line":42,"column":4},"end":{"line":53,"column":4}}},"3":{"name":"actionType","line":56,"loc":{"start":{"line":56,"column":4},"end":{"line":58,"column":4}}},"4":{"name":"_supply","line":70,"loc":{"start":{"line":70,"column":4},"end":{"line":111,"column":4}}},"5":{"name":"parseInputs","line":113,"loc":{"start":{"line":113,"column":4},"end":{"line":131,"column":4}}}},"statementMap":{"1":{"start":{"line":21,"column":8},"end":{"line":21,"column":624}},"2":{"start":{"line":30,"column":8},"end":{"line":30,"column":82}},"3":{"start":{"line":31,"column":8},"end":{"line":31,"column":88}},"4":{"start":{"line":32,"column":8},"end":{"line":32,"column":82}},"5":{"start":{"line":33,"column":8},"end":{"line":33,"column":78}},"6":{"start":{"line":34,"column":8},"end":{"line":34,"column":86}},"7":{"start":{"line":36,"column":8},"end":{"line":36,"column":95}},"8":{"start":{"line":38,"column":8},"end":{"line":38,"column":36}},"9":{"start":{"line":43,"column":8},"end":{"line":43,"column":1535}},"10":{"start":{"line":52,"column":8},"end":{"line":52,"column":71}},"11":{"start":{"line":57,"column":8},"end":{"line":57,"column":48}},"12":{"start":{"line":78,"column":8},"end":{"line":78,"column":60}},"13":{"start":{"line":81,"column":8},"end":{"line":81,"column":2933}},"14":{"start":{"line":82,"column":12},"end":{"line":82,"column":57}},"15":{"start":{"line":86,"column":8},"end":{"line":86,"column":3088}},"16":{"start":{"line":87,"column":12},"end":{"line":87,"column":36}},"17":{"start":{"line":91,"column":8},"end":{"line":91,"column":52}},"18":{"start":{"line":94,"column":8},"end":{"line":94,"column":61}},"19":{"start":{"line":97,"column":8},"end":{"line":97,"column":78}},"20":{"start":{"line":99,"column":8},"end":{"line":99,"column":3515}},"21":{"start":{"line":100,"column":12},"end":{"line":100,"column":56}},"22":{"start":{"line":103,"column":8},"end":{"line":103,"column":3614}},"23":{"start":{"line":110,"column":8},"end":{"line":110,"column":22}},"24":{"start":{"line":125,"column":8},"end":{"line":125,"column":51}},"25":{"start":{"line":126,"column":8},"end":{"line":126,"column":54}},"26":{"start":{"line":127,"column":8},"end":{"line":127,"column":51}},"27":{"start":{"line":128,"column":8},"end":{"line":128,"column":49}},"28":{"start":{"line":129,"column":8},"end":{"line":129,"column":53}},"29":{"start":{"line":130,"column":8},"end":{"line":130,"column":54}}},"branchMap":{"1":{"line":81,"type":"if","locations":[{"start":{"line":81,"column":8},"end":{"line":81,"column":8}},{"start":{"line":81,"column":8},"end":{"line":81,"column":8}}]},"2":{"line":86,"type":"if","locations":[{"start":{"line":86,"column":8},"end":{"line":86,"column":8}},{"start":{"line":86,"column":8},"end":{"line":86,"column":8}}]},"3":{"line":99,"type":"if","locations":[{"start":{"line":99,"column":8},"end":{"line":99,"column":8}},{"start":{"line":99,"column":8},"end":{"line":99,"column":8}}]}}},"contracts/actions/aave/AaveWithdraw.sol":{"l":{"22":0,"24":0,"25":0,"26":0,"27":0,"29":0,"31":0,"36":0,"38":0,"43":0,"59":0,"60":0,"63":0,"64":0,"68":0,"71":0,"72":0,"75":0,"82":0,"95":0,"96":0,"97":0,"98":0},"path":"/Users/nenadpalinkasevic/Desktop/blockchain/defisaver-v3-contracts/contracts/actions/aave/AaveWithdraw.sol","s":{"1":0,"2":0,"3":0,"4":0,"5":0,"6":0,"7":0,"8":0,"9":0,"10":0,"11":0,"12":0,"13":0,"14":0,"15":0,"16":0,"17":0,"18":0,"19":0,"20":0,"21":0,"22":0,"23":0},"b":{"1":[0,0],"2":[0,0]},"f":{"1":0,"2":0,"3":0,"4":0,"5":0},"fnMap":{"1":{"name":"executeAction","line":16,"loc":{"start":{"line":16,"column":4},"end":{"line":32,"column":4}}},"2":{"name":"executeActionDirect","line":35,"loc":{"start":{"line":35,"column":4},"end":{"line":39,"column":4}}},"3":{"name":"actionType","line":42,"loc":{"start":{"line":42,"column":4},"end":{"line":44,"column":4}}},"4":{"name":"_withdraw","line":53,"loc":{"start":{"line":53,"column":4},"end":{"line":83,"column":4}}},"5":{"name":"parseInputs","line":85,"loc":{"start":{"line":85,"column":4},"end":{"line":99,"column":4}}}},"statementMap":{"1":{"start":{"line":22,"column":8},"end":{"line":22,"column":96}},"2":{"start":{"line":24,"column":8},"end":{"line":24,"column":82}},"3":{"start":{"line":25,"column":8},"end":{"line":25,"column":88}},"4":{"start":{"line":26,"column":8},"end":{"line":26,"column":82}},"5":{"start":{"line":27,"column":8},"end":{"line":27,"column":74}},"6":{"start":{"line":29,"column":8},"end":{"line":29,"column":73}},"7":{"start":{"line":31,"column":8},"end":{"line":31,"column":38}},"8":{"start":{"line":36,"column":8},"end":{"line":36,"column":98}},"9":{"start":{"line":38,"column":8},"end":{"line":38,"column":49}},"10":{"start":{"line":43,"column":8},"end":{"line":43,"column":48}},"11":{"start":{"line":59,"column":8},"end":{"line":59,"column":60}},"12":{"start":{"line":60,"column":8},"end":{"line":60,"column":27}},"13":{"start":{"line":63,"column":8},"end":{"line":63,"column":2395}},"14":{"start":{"line":64,"column":12},"end":{"line":64,"column":51}},"15":{"start":{"line":68,"column":8},"end":{"line":68,"column":53}},"16":{"start":{"line":71,"column":8},"end":{"line":71,"column":2701}},"17":{"start":{"line":72,"column":12},"end":{"line":72,"column":61}},"18":{"start":{"line":75,"column":8},"end":{"line":75,"column":2820}},"19":{"start":{"line":82,"column":8},"end":{"line":82,"column":22}},"20":{"start":{"line":95,"column":8},"end":{"line":95,"column":51}},"21":{"start":{"line":96,"column":8},"end":{"line":96,"column":54}},"22":{"start":{"line":97,"column":8},"end":{"line":97,"column":51}},"23":{"start":{"line":98,"column":8},"end":{"line":98,"column":47}}},"branchMap":{"1":{"line":63,"type":"if","locations":[{"start":{"line":63,"column":8},"end":{"line":63,"column":8}},{"start":{"line":63,"column":8},"end":{"line":63,"column":8}}]},"2":{"line":71,"type":"if","locations":[{"start":{"line":71,"column":8},"end":{"line":71,"column":8}},{"start":{"line":71,"column":8},"end":{"line":71,"column":8}}]}}},"contracts/actions/aave/helpers/AaveHelper.sol":{"l":{"24":0,"26":0,"35":0,"37":0,"42":0,"50":0},"path":"/Users/nenadpalinkasevic/Desktop/blockchain/defisaver-v3-contracts/contracts/actions/aave/helpers/AaveHelper.sol","s":{"1":0,"2":0,"3":0,"4":0,"5":0,"6":0},"b":{},"f":{"1":0,"2":0,"3":0,"4":0},"fnMap":{"1":{"name":"enableAsCollateral","line":19,"loc":{"start":{"line":19,"column":4},"end":{"line":27,"column":4}}},"2":{"name":"switchRateMode","line":30,"loc":{"start":{"line":30,"column":4},"end":{"line":38,"column":4}}},"3":{"name":"getDataProvider","line":41,"loc":{"start":{"line":41,"column":4},"end":{"line":46,"column":4}}},"4":{"name":"getLendingPool","line":49,"loc":{"start":{"line":49,"column":4},"end":{"line":51,"column":4}}}},"statementMap":{"1":{"start":{"line":24,"column":8},"end":{"line":24,"column":87}},"2":{"start":{"line":26,"column":8},"end":{"line":26,"column":94}},"3":{"start":{"line":35,"column":8},"end":{"line":35,"column":87}},"4":{"start":{"line":37,"column":8},"end":{"line":37,"column":76}},"5":{"start":{"line":42,"column":8},"end":{"line":42,"column":1507}},"6":{"start":{"line":50,"column":8},"end":{"line":50,"column":88}}},"branchMap":{}},"contracts/actions/ActionBase.sol":{"l":{"70":0,"71":0,"72":0,"74":0,"78":0,"93":0,"94":0,"95":0,"97":0,"101":0,"115":0,"116":0,"117":0,"119":0,"123":0,"129":0,"135":0,"141":0,"143":0,"149":0,"151":0},"path":"/Users/nenadpalinkasevic/Desktop/blockchain/defisaver-v3-contracts/contracts/actions/ActionBase.sol","s":{"1":0,"2":0,"3":0,"4":0,"5":0,"6":0,"7":0,"8":0,"9":0,"10":0,"11":0,"12":0,"13":0,"14":0,"15":0,"16":0,"17":0,"18":0,"19":0,"20":0,"21":0},"b":{"1":[0,0],"2":[0,0],"3":[0,0],"4":[0,0],"5":[0,0],"6":[0,0],"7":[0,0],"8":[0,0]},"f":{"1":0,"2":0,"3":0,"4":0,"5":0,"6":0,"7":0},"fnMap":{"1":{"name":"_parseParamUint","line":64,"loc":{"start":{"line":64,"column":4},"end":{"line":79,"column":4}}},"2":{"name":"_parseParamAddr","line":87,"loc":{"start":{"line":87,"column":4},"end":{"line":102,"column":4}}},"3":{"name":"_parseParamABytes32","line":109,"loc":{"start":{"line":109,"column":4},"end":{"line":124,"column":4}}},"4":{"name":"isReplaceable","line":128,"loc":{"start":{"line":128,"column":4},"end":{"line":130,"column":4}}},"5":{"name":"isReturnInjection","line":134,"loc":{"start":{"line":134,"column":4},"end":{"line":136,"column":4}}},"6":{"name":"getReturnIndex","line":140,"loc":{"start":{"line":140,"column":4},"end":{"line":144,"column":4}}},"7":{"name":"getSubIndex","line":148,"loc":{"start":{"line":148,"column":4},"end":{"line":152,"column":4}}}},"statementMap":{"1":{"start":{"line":70,"column":8},"end":{"line":70,"column":3129}},"2":{"start":{"line":71,"column":12},"end":{"line":71,"column":3176}},"3":{"start":{"line":72,"column":16},"end":{"line":72,"column":69}},"4":{"start":{"line":74,"column":16},"end":{"line":74,"column":75}},"5":{"start":{"line":78,"column":8},"end":{"line":78,"column":21}},"6":{"start":{"line":93,"column":8},"end":{"line":93,"column":4006}},"7":{"start":{"line":94,"column":12},"end":{"line":94,"column":4053}},"8":{"start":{"line":95,"column":16},"end":{"line":95,"column":83}},"9":{"start":{"line":97,"column":16},"end":{"line":97,"column":78}},"10":{"start":{"line":101,"column":8},"end":{"line":101,"column":21}},"11":{"start":{"line":115,"column":8},"end":{"line":115,"column":4906}},"12":{"start":{"line":116,"column":12},"end":{"line":116,"column":4953}},"13":{"start":{"line":117,"column":16},"end":{"line":117,"column":65}},"14":{"start":{"line":119,"column":16},"end":{"line":119,"column":78}},"15":{"start":{"line":123,"column":8},"end":{"line":123,"column":21}},"16":{"start":{"line":129,"column":8},"end":{"line":129,"column":40}},"17":{"start":{"line":135,"column":8},"end":{"line":135,"column":85}},"18":{"start":{"line":141,"column":8},"end":{"line":141,"column":61}},"19":{"start":{"line":143,"column":8},"end":{"line":143,"column":47}},"20":{"start":{"line":149,"column":8},"end":{"line":149,"column":68}},"21":{"start":{"line":151,"column":8},"end":{"line":151,"column":44}}},"branchMap":{"1":{"line":70,"type":"if","locations":[{"start":{"line":70,"column":8},"end":{"line":70,"column":8}},{"start":{"line":70,"column":8},"end":{"line":70,"column":8}}]},"2":{"line":71,"type":"if","locations":[{"start":{"line":71,"column":12},"end":{"line":71,"column":12}},{"start":{"line":71,"column":12},"end":{"line":71,"column":12}}]},"3":{"line":93,"type":"if","locations":[{"start":{"line":93,"column":8},"end":{"line":93,"column":8}},{"start":{"line":93,"column":8},"end":{"line":93,"column":8}}]},"4":{"line":94,"type":"if","locations":[{"start":{"line":94,"column":12},"end":{"line":94,"column":12}},{"start":{"line":94,"column":12},"end":{"line":94,"column":12}}]},"5":{"line":115,"type":"if","locations":[{"start":{"line":115,"column":8},"end":{"line":115,"column":8}},{"start":{"line":115,"column":8},"end":{"line":115,"column":8}}]},"6":{"line":116,"type":"if","locations":[{"start":{"line":116,"column":12},"end":{"line":116,"column":12}},{"start":{"line":116,"column":12},"end":{"line":116,"column":12}}]},"7":{"line":141,"type":"if","locations":[{"start":{"line":141,"column":8},"end":{"line":141,"column":8}},{"start":{"line":141,"column":8},"end":{"line":141,"column":8}}]},"8":{"line":149,"type":"if","locations":[{"start":{"line":149,"column":8},"end":{"line":149,"column":8}},{"start":{"line":149,"column":8},"end":{"line":149,"column":8}}]}}},"contracts/actions/compound/CompBorrow.sol":{"l":{"26":0,"28":0,"29":0,"30":0,"32":0,"34":0,"39":0,"41":0,"46":0,"60":0,"63":0,"65":0,"68":0,"69":0,"72":0,"74":0,"76":0,"88":0,"89":0,"90":0},"path":"/Users/nenadpalinkasevic/Desktop/blockchain/defisaver-v3-contracts/contracts/actions/compound/CompBorrow.sol","s":{"1":0,"2":0,"3":0,"4":0,"5":0,"6":0,"7":0,"8":0,"9":0,"10":0,"11":0,"12":0,"13":0,"14":0,"15":0,"16":0,"17":0,"18":0,"19":0,"20":0},"b":{"1":[0,0],"2":[0,0]},"f":{"1":0,"2":0,"3":0,"4":0,"5":0},"fnMap":{"1":{"name":"executeAction","line":20,"loc":{"start":{"line":20,"column":4},"end":{"line":35,"column":4}}},"2":{"name":"executeActionDirect","line":38,"loc":{"start":{"line":38,"column":4},"end":{"line":42,"column":4}}},"3":{"name":"actionType","line":45,"loc":{"start":{"line":45,"column":4},"end":{"line":47,"column":4}}},"4":{"name":"_borrow","line":55,"loc":{"start":{"line":55,"column":4},"end":{"line":77,"column":4}}},"5":{"name":"parseInputs","line":79,"loc":{"start":{"line":79,"column":4},"end":{"line":91,"column":4}}}},"statementMap":{"1":{"start":{"line":26,"column":8},"end":{"line":26,"column":81}},"2":{"start":{"line":28,"column":8},"end":{"line":28,"column":90}},"3":{"start":{"line":29,"column":8},"end":{"line":29,"column":82}},"4":{"start":{"line":30,"column":8},"end":{"line":30,"column":74}},"5":{"start":{"line":32,"column":8},"end":{"line":32,"column":64}},"6":{"start":{"line":34,"column":8},"end":{"line":34,"column":38}},"7":{"start":{"line":39,"column":8},"end":{"line":39,"column":81}},"8":{"start":{"line":41,"column":8},"end":{"line":41,"column":38}},"9":{"start":{"line":46,"column":8},"end":{"line":46,"column":48}},"10":{"start":{"line":60,"column":8},"end":{"line":60,"column":58}},"11":{"start":{"line":63,"column":8},"end":{"line":63,"column":31}},"12":{"start":{"line":65,"column":8},"end":{"line":65,"column":81}},"13":{"start":{"line":68,"column":8},"end":{"line":68,"column":2418}},"14":{"start":{"line":69,"column":12},"end":{"line":69,"column":42}},"15":{"start":{"line":72,"column":8},"end":{"line":72,"column":45}},"16":{"start":{"line":74,"column":8},"end":{"line":74,"column":95}},"17":{"start":{"line":76,"column":8},"end":{"line":76,"column":22}},"18":{"start":{"line":88,"column":8},"end":{"line":88,"column":55}},"19":{"start":{"line":89,"column":8},"end":{"line":89,"column":51}},"20":{"start":{"line":90,"column":8},"end":{"line":90,"column":47}}},"branchMap":{"1":{"line":65,"type":"if","locations":[{"start":{"line":65,"column":8},"end":{"line":65,"column":8}},{"start":{"line":65,"column":8},"end":{"line":65,"column":8}}]},"2":{"line":68,"type":"if","locations":[{"start":{"line":68,"column":8},"end":{"line":68,"column":8}},{"start":{"line":68,"column":8},"end":{"line":68,"column":8}}]}}},"contracts/actions/compound/CompClaim.sol":{"l":{"25":0,"29":0,"30":0,"32":0,"34":0,"39":0,"42":0,"47":0,"64":0,"65":0,"67":0,"69":0,"70":0,"72":0,"74":0,"76":0,"77":0,"80":0,"82":0,"95":0,"96":0,"97":0,"98":0},"path":"/Users/nenadpalinkasevic/Desktop/blockchain/defisaver-v3-contracts/contracts/actions/compound/CompClaim.sol","s":{"1":0,"2":0,"3":0,"4":0,"5":0,"6":0,"7":0,"8":0,"9":0,"10":0,"11":0,"12":0,"13":0,"14":0,"15":0,"16":0,"17":0,"18":0,"19":0,"20":0,"21":0,"22":0,"23":0},"b":{"1":[0,0]},"f":{"1":0,"2":0,"3":0,"4":0,"5":0},"fnMap":{"1":{"name":"executeAction","line":19,"loc":{"start":{"line":19,"column":4},"end":{"line":35,"column":4}}},"2":{"name":"executeActionDirect","line":38,"loc":{"start":{"line":38,"column":4},"end":{"line":43,"column":4}}},"3":{"name":"actionType","line":46,"loc":{"start":{"line":46,"column":4},"end":{"line":48,"column":4}}},"4":{"name":"_claim","line":58,"loc":{"start":{"line":58,"column":4},"end":{"line":83,"column":4}}},"5":{"name":"parseInputs","line":85,"loc":{"start":{"line":85,"column":4},"end":{"line":99,"column":4}}}},"statementMap":{"1":{"start":{"line":25,"column":8},"end":{"line":25,"column":792}},"2":{"start":{"line":29,"column":8},"end":{"line":29,"column":78}},"3":{"start":{"line":30,"column":8},"end":{"line":30,"column":74}},"4":{"start":{"line":32,"column":8},"end":{"line":32,"column":76}},"5":{"start":{"line":34,"column":8},"end":{"line":34,"column":35}},"6":{"start":{"line":39,"column":8},"end":{"line":39,"column":1394}},"7":{"start":{"line":42,"column":8},"end":{"line":42,"column":53}},"8":{"start":{"line":47,"column":8},"end":{"line":47,"column":48}},"9":{"start":{"line":64,"column":8},"end":{"line":64,"column":49}},"10":{"start":{"line":65,"column":8},"end":{"line":65,"column":23}},"11":{"start":{"line":67,"column":8},"end":{"line":67,"column":63}},"12":{"start":{"line":69,"column":8},"end":{"line":69,"column":83}},"13":{"start":{"line":70,"column":8},"end":{"line":70,"column":83}},"14":{"start":{"line":72,"column":8},"end":{"line":72,"column":62}},"15":{"start":{"line":74,"column":8},"end":{"line":74,"column":70}},"16":{"start":{"line":76,"column":8},"end":{"line":76,"column":2922}},"17":{"start":{"line":77,"column":12},"end":{"line":77,"column":53}},"18":{"start":{"line":80,"column":8},"end":{"line":80,"column":94}},"19":{"start":{"line":82,"column":8},"end":{"line":82,"column":26}},"20":{"start":{"line":95,"column":8},"end":{"line":95,"column":60}},"21":{"start":{"line":96,"column":8},"end":{"line":96,"column":60}},"22":{"start":{"line":97,"column":8},"end":{"line":97,"column":49}},"23":{"start":{"line":98,"column":8},"end":{"line":98,"column":47}}},"branchMap":{"1":{"line":76,"type":"if","locations":[{"start":{"line":76,"column":8},"end":{"line":76,"column":8}},{"start":{"line":76,"column":8},"end":{"line":76,"column":8}}]}}},"contracts/actions/compound/CompPayback.sol":{"l":{"26":0,"28":0,"29":0,"30":0,"32":0,"34":0,"39":0,"41":0,"46":0,"61":0,"64":0,"65":0,"68":0,"71":0,"72":0,"73":0,"75":0,"76":0,"79":0,"81":0,"93":0,"94":0,"95":0},"path":"/Users/nenadpalinkasevic/Desktop/blockchain/defisaver-v3-contracts/contracts/actions/compound/CompPayback.sol","s":{"1":0,"2":0,"3":0,"4":0,"5":0,"6":0,"7":0,"8":0,"9":0,"10":0,"11":0,"12":0,"13":0,"14":0,"15":0,"16":0,"17":0,"18":0,"19":0,"20":0,"21":0,"22":0,"23":0},"b":{"1":[0,0],"2":[0,0],"3":[0,0]},"f":{"1":0,"2":0,"3":0,"4":0,"5":0},"fnMap":{"1":{"name":"executeAction","line":20,"loc":{"start":{"line":20,"column":4},"end":{"line":35,"column":4}}},"2":{"name":"executeActionDirect","line":38,"loc":{"start":{"line":38,"column":4},"end":{"line":42,"column":4}}},"3":{"name":"actionType","line":45,"loc":{"start":{"line":45,"column":4},"end":{"line":47,"column":4}}},"4":{"name":"_payback","line":56,"loc":{"start":{"line":56,"column":4},"end":{"line":82,"column":4}}},"5":{"name":"parseInputs","line":84,"loc":{"start":{"line":84,"column":4},"end":{"line":96,"column":4}}}},"statementMap":{"1":{"start":{"line":26,"column":8},"end":{"line":26,"column":83}},"2":{"start":{"line":28,"column":8},"end":{"line":28,"column":90}},"3":{"start":{"line":29,"column":8},"end":{"line":29,"column":82}},"4":{"start":{"line":30,"column":8},"end":{"line":30,"column":78}},"5":{"start":{"line":32,"column":8},"end":{"line":32,"column":67}},"6":{"start":{"line":34,"column":8},"end":{"line":34,"column":38}},"7":{"start":{"line":39,"column":8},"end":{"line":39,"column":83}},"8":{"start":{"line":41,"column":8},"end":{"line":41,"column":41}},"9":{"start":{"line":46,"column":8},"end":{"line":46,"column":48}},"10":{"start":{"line":61,"column":8},"end":{"line":61,"column":58}},"11":{"start":{"line":64,"column":8},"end":{"line":64,"column":2365}},"12":{"start":{"line":65,"column":12},"end":{"line":65,"column":69}},"13":{"start":{"line":68,"column":8},"end":{"line":68,"column":51}},"14":{"start":{"line":71,"column":8},"end":{"line":71,"column":2611}},"15":{"start":{"line":72,"column":12},"end":{"line":72,"column":55}},"16":{"start":{"line":73,"column":12},"end":{"line":73,"column":98}},"17":{"start":{"line":75,"column":12},"end":{"line":75,"column":43}},"18":{"start":{"line":76,"column":12},"end":{"line":76,"column":61}},"19":{"start":{"line":79,"column":8},"end":{"line":79,"column":98}},"20":{"start":{"line":81,"column":8},"end":{"line":81,"column":22}},"21":{"start":{"line":93,"column":8},"end":{"line":93,"column":55}},"22":{"start":{"line":94,"column":8},"end":{"line":94,"column":51}},"23":{"start":{"line":95,"column":8},"end":{"line":95,"column":49}}},"branchMap":{"1":{"line":64,"type":"if","locations":[{"start":{"line":64,"column":8},"end":{"line":64,"column":8}},{"start":{"line":64,"column":8},"end":{"line":64,"column":8}}]},"2":{"line":71,"type":"if","locations":[{"start":{"line":71,"column":8},"end":{"line":71,"column":8}},{"start":{"line":71,"column":8},"end":{"line":71,"column":8}}]},"3":{"line":73,"type":"if","locations":[{"start":{"line":73,"column":12},"end":{"line":73,"column":12}},{"start":{"line":73,"column":12},"end":{"line":73,"column":12}}]}}},"contracts/actions/compound/CompSupply.sol":{"l":{"24":0,"27":0,"28":0,"29":0,"31":0,"33":0,"38":0,"41":0,"46":0,"63":0,"66":0,"67":0,"71":0,"74":0,"75":0,"79":0,"80":0,"82":0,"84":0,"85":0,"88":0,"95":0,"108":0,"109":0,"110":0,"111":0},"path":"/Users/nenadpalinkasevic/Desktop/blockchain/defisaver-v3-contracts/contracts/actions/compound/CompSupply.sol","s":{"1":0,"2":0,"3":0,"4":0,"5":0,"6":0,"7":0,"8":0,"9":0,"10":0,"11":0,"12":0,"13":0,"14":0,"15":0,"16":0,"17":0,"18":0,"19":0,"20":0,"21":0,"22":0,"23":0,"24":0,"25":0,"26":0},"b":{"1":[0,0],"2":[0,0],"3":[0,0],"4":[0,0]},"f":{"1":0,"2":0,"3":0,"4":0,"5":0},"fnMap":{"1":{"name":"executeAction","line":18,"loc":{"start":{"line":18,"column":4},"end":{"line":34,"column":4}}},"2":{"name":"executeActionDirect","line":37,"loc":{"start":{"line":37,"column":4},"end":{"line":42,"column":4}}},"3":{"name":"actionType","line":45,"loc":{"start":{"line":45,"column":4},"end":{"line":47,"column":4}}},"4":{"name":"_supply","line":57,"loc":{"start":{"line":57,"column":4},"end":{"line":96,"column":4}}},"5":{"name":"parseInputs","line":98,"loc":{"start":{"line":98,"column":4},"end":{"line":112,"column":4}}}},"statementMap":{"1":{"start":{"line":24,"column":8},"end":{"line":24,"column":734}},"2":{"start":{"line":27,"column":8},"end":{"line":27,"column":90}},"3":{"start":{"line":28,"column":8},"end":{"line":28,"column":82}},"4":{"start":{"line":29,"column":8},"end":{"line":29,"column":78}},"5":{"start":{"line":31,"column":8},"end":{"line":31,"column":80}},"6":{"start":{"line":33,"column":8},"end":{"line":33,"column":38}},"7":{"start":{"line":38,"column":8},"end":{"line":38,"column":1357}},"8":{"start":{"line":41,"column":8},"end":{"line":41,"column":54}},"9":{"start":{"line":46,"column":8},"end":{"line":46,"column":48}},"10":{"start":{"line":63,"column":8},"end":{"line":63,"column":58}},"11":{"start":{"line":66,"column":8},"end":{"line":66,"column":2478}},"12":{"start":{"line":67,"column":12},"end":{"line":67,"column":56}},"13":{"start":{"line":71,"column":8},"end":{"line":71,"column":51}},"14":{"start":{"line":74,"column":8},"end":{"line":74,"column":2731}},"15":{"start":{"line":75,"column":12},"end":{"line":75,"column":35}},"16":{"start":{"line":79,"column":8},"end":{"line":79,"column":2873}},"17":{"start":{"line":80,"column":12},"end":{"line":80,"column":55}},"18":{"start":{"line":82,"column":12},"end":{"line":82,"column":90}},"19":{"start":{"line":84,"column":12},"end":{"line":84,"column":43}},"20":{"start":{"line":85,"column":12},"end":{"line":85,"column":54}},"21":{"start":{"line":88,"column":8},"end":{"line":88,"column":3224}},"22":{"start":{"line":95,"column":8},"end":{"line":95,"column":22}},"23":{"start":{"line":108,"column":8},"end":{"line":108,"column":55}},"24":{"start":{"line":109,"column":8},"end":{"line":109,"column":51}},"25":{"start":{"line":110,"column":8},"end":{"line":110,"column":49}},"26":{"start":{"line":111,"column":8},"end":{"line":111,"column":54}}},"branchMap":{"1":{"line":66,"type":"if","locations":[{"start":{"line":66,"column":8},"end":{"line":66,"column":8}},{"start":{"line":66,"column":8},"end":{"line":66,"column":8}}]},"2":{"line":74,"type":"if","locations":[{"start":{"line":74,"column":8},"end":{"line":74,"column":8}},{"start":{"line":74,"column":8},"end":{"line":74,"column":8}}]},"3":{"line":79,"type":"if","locations":[{"start":{"line":79,"column":8},"end":{"line":79,"column":8}},{"start":{"line":79,"column":8},"end":{"line":79,"column":8}}]},"4":{"line":82,"type":"if","locations":[{"start":{"line":82,"column":12},"end":{"line":82,"column":12}},{"start":{"line":82,"column":12},"end":{"line":82,"column":12}}]}}},"contracts/actions/compound/CompWithdraw.sol":{"l":{"26":0,"28":0,"29":0,"30":0,"32":0,"34":0,"39":0,"41":0,"46":0,"61":0,"64":0,"65":0,"68":0,"71":0,"72":0,"73":0,"75":0,"81":0,"84":0,"87":0,"88":0,"89":0,"93":0,"95":0,"97":0,"109":0,"110":0,"111":0},"path":"/Users/nenadpalinkasevic/Desktop/blockchain/defisaver-v3-contracts/contracts/actions/compound/CompWithdraw.sol","s":{"1":0,"2":0,"3":0,"4":0,"5":0,"6":0,"7":0,"8":0,"9":0,"10":0,"11":0,"12":0,"13":0,"14":0,"15":0,"16":0,"17":0,"18":0,"19":0,"20":0,"21":0,"22":0,"23":0,"24":0,"25":0,"26":0,"27":0,"28":0},"b":{"1":[0,0],"2":[0,0],"3":[0,0],"4":[0,0],"5":[0,0]},"f":{"1":0,"2":0,"3":0,"4":0,"5":0},"fnMap":{"1":{"name":"executeAction","line":20,"loc":{"start":{"line":20,"column":4},"end":{"line":35,"column":4}}},"2":{"name":"executeActionDirect","line":38,"loc":{"start":{"line":38,"column":4},"end":{"line":42,"column":4}}},"3":{"name":"actionType","line":45,"loc":{"start":{"line":45,"column":4},"end":{"line":47,"column":4}}},"4":{"name":"_withdraw","line":56,"loc":{"start":{"line":56,"column":4},"end":{"line":98,"column":4}}},"5":{"name":"parseInputs","line":100,"loc":{"start":{"line":100,"column":4},"end":{"line":112,"column":4}}}},"statementMap":{"1":{"start":{"line":26,"column":8},"end":{"line":26,"column":80}},"2":{"start":{"line":28,"column":8},"end":{"line":28,"column":88}},"3":{"start":{"line":29,"column":8},"end":{"line":29,"column":82}},"4":{"start":{"line":30,"column":8},"end":{"line":30,"column":74}},"5":{"start":{"line":32,"column":8},"end":{"line":32,"column":65}},"6":{"start":{"line":34,"column":8},"end":{"line":34,"column":38}},"7":{"start":{"line":39,"column":8},"end":{"line":39,"column":81}},"8":{"start":{"line":41,"column":8},"end":{"line":41,"column":40}},"9":{"start":{"line":46,"column":8},"end":{"line":46,"column":48}},"10":{"start":{"line":61,"column":8},"end":{"line":61,"column":58}},"11":{"start":{"line":64,"column":8},"end":{"line":64,"column":2398}},"12":{"start":{"line":65,"column":12},"end":{"line":65,"column":42}},"13":{"start":{"line":68,"column":8},"end":{"line":68,"column":72}},"14":{"start":{"line":71,"column":8},"end":{"line":71,"column":2655}},"15":{"start":{"line":72,"column":12},"end":{"line":72,"column":58}},"16":{"start":{"line":73,"column":12},"end":{"line":73,"column":85}},"17":{"start":{"line":75,"column":12},"end":{"line":75,"column":2873}},"18":{"start":{"line":81,"column":8},"end":{"line":81,"column":71}},"19":{"start":{"line":84,"column":8},"end":{"line":84,"column":59}},"20":{"start":{"line":87,"column":8},"end":{"line":87,"column":3280}},"21":{"start":{"line":88,"column":12},"end":{"line":88,"column":42}},"22":{"start":{"line":89,"column":12},"end":{"line":89,"column":43}},"23":{"start":{"line":93,"column":8},"end":{"line":93,"column":45}},"24":{"start":{"line":95,"column":8},"end":{"line":95,"column":97}},"25":{"start":{"line":97,"column":8},"end":{"line":97,"column":22}},"26":{"start":{"line":109,"column":8},"end":{"line":109,"column":54}},"27":{"start":{"line":110,"column":8},"end":{"line":110,"column":51}},"28":{"start":{"line":111,"column":8},"end":{"line":111,"column":47}}},"branchMap":{"1":{"line":64,"type":"if","locations":[{"start":{"line":64,"column":8},"end":{"line":64,"column":8}},{"start":{"line":64,"column":8},"end":{"line":64,"column":8}}]},"2":{"line":71,"type":"if","locations":[{"start":{"line":71,"column":8},"end":{"line":71,"column":8}},{"start":{"line":71,"column":8},"end":{"line":71,"column":8}}]},"3":{"line":73,"type":"if","locations":[{"start":{"line":73,"column":12},"end":{"line":73,"column":12}},{"start":{"line":73,"column":12},"end":{"line":73,"column":12}}]},"4":{"line":75,"type":"if","locations":[{"start":{"line":75,"column":12},"end":{"line":75,"column":12}},{"start":{"line":75,"column":12},"end":{"line":75,"column":12}}]},"5":{"line":87,"type":"if","locations":[{"start":{"line":87,"column":8},"end":{"line":87,"column":8}},{"start":{"line":87,"column":8},"end":{"line":87,"column":8}}]}}},"contracts/actions/compound/helpers/CompHelper.sol":{"l":{"23":0,"25":0,"32":0,"33":0,"35":0,"36":0,"42":0},"path":"/Users/nenadpalinkasevic/Desktop/blockchain/defisaver-v3-contracts/contracts/actions/compound/helpers/CompHelper.sol","s":{"1":0,"2":0,"3":0,"4":0,"5":0,"6":0,"7":0,"8":0},"b":{"1":[0,0],"2":[0,0],"3":[0,0]},"f":{"1":0,"2":0,"3":0},"fnMap":{"1":{"name":"getUnderlyingAddr","line":21,"loc":{"start":{"line":21,"column":4},"end":{"line":26,"column":4}}},"2":{"name":"enterMarket","line":31,"loc":{"start":{"line":31,"column":4},"end":{"line":37,"column":4}}},"3":{"name":"exitMarket","line":41,"loc":{"start":{"line":41,"column":4},"end":{"line":43,"column":4}}}},"statementMap":{"1":{"start":{"line":23,"column":8},"end":{"line":23,"column":66}},"2":{"start":{"line":23,"column":39},"end":{"line":23,"column":66}},"3":{"start":{"line":25,"column":8},"end":{"line":25,"column":52}},"4":{"start":{"line":32,"column":8},"end":{"line":32,"column":51}},"5":{"start":{"line":33,"column":8},"end":{"line":33,"column":31}},"6":{"start":{"line":35,"column":8},"end":{"line":35,"column":88}},"7":{"start":{"line":36,"column":8},"end":{"line":36,"column":62}},"8":{"start":{"line":42,"column":8},"end":{"line":42,"column":104}}},"branchMap":{"1":{"line":23,"type":"if","locations":[{"start":{"line":23,"column":8},"end":{"line":23,"column":8}},{"start":{"line":23,"column":8},"end":{"line":23,"column":8}}]},"2":{"line":36,"type":"if","locations":[{"start":{"line":36,"column":8},"end":{"line":36,"column":8}},{"start":{"line":36,"column":8},"end":{"line":36,"column":8}}]},"3":{"line":42,"type":"if","locations":[{"start":{"line":42,"column":8},"end":{"line":42,"column":8}},{"start":{"line":42,"column":8},"end":{"line":42,"column":8}}]}}},"contracts/actions/exchange/DFSBuy.sol":{"l":{"25":0,"27":0,"33":0,"40":0,"46":0,"47":0,"49":0,"51":0,"56":0,"58":0,"63":0,"80":0,"81":0,"84":0,"86":0,"89":0,"90":0,"92":0,"94":0,"96":0,"101":0,"115":0,"127":0,"129":0,"130":0,"135":0,"137":0},"path":"/Users/nenadpalinkasevic/Desktop/blockchain/defisaver-v3-contracts/contracts/actions/exchange/DFSBuy.sol","s":{"1":0,"2":0,"3":0,"4":0,"5":0,"6":0,"7":0,"8":0,"9":0,"10":0,"11":0,"12":0,"13":0,"14":0,"15":0,"16":0,"17":0,"18":0,"19":0,"20":0,"21":0,"22":0,"23":0,"24":0,"25":0,"26":0,"27":0},"b":{"1":[0,0]},"f":{"1":0,"2":0,"3":0,"4":0,"5":0,"6":0},"fnMap":{"1":{"name":"executeAction","line":19,"loc":{"start":{"line":19,"column":4},"end":{"line":52,"column":4}}},"2":{"name":"executeActionDirect","line":55,"loc":{"start":{"line":55,"column":4},"end":{"line":59,"column":4}}},"3":{"name":"actionType","line":62,"loc":{"start":{"line":62,"column":4},"end":{"line":64,"column":4}}},"4":{"name":"_dfsBuy","line":73,"loc":{"start":{"line":73,"column":4},"end":{"line":116,"column":4}}},"5":{"name":"parseInputs","line":118,"loc":{"start":{"line":118,"column":4},"end":{"line":131,"column":4}}},"6":{"name":"getUserAddress","line":134,"loc":{"start":{"line":134,"column":4},"end":{"line":138,"column":4}}}},"statementMap":{"1":{"start":{"line":25,"column":8},"end":{"line":25,"column":93}},"2":{"start":{"line":27,"column":8},"end":{"line":27,"column":815}},"3":{"start":{"line":33,"column":8},"end":{"line":33,"column":986}},"4":{"start":{"line":40,"column":8},"end":{"line":40,"column":1160}},"5":{"start":{"line":46,"column":8},"end":{"line":46,"column":78}},"6":{"start":{"line":47,"column":8},"end":{"line":47,"column":74}},"7":{"start":{"line":49,"column":8},"end":{"line":49,"column":77}},"8":{"start":{"line":51,"column":8},"end":{"line":51,"column":39}},"9":{"start":{"line":56,"column":8},"end":{"line":56,"column":93}},"10":{"start":{"line":58,"column":8},"end":{"line":58,"column":50}},"11":{"start":{"line":63,"column":8},"end":{"line":63,"column":48}},"12":{"start":{"line":80,"column":8},"end":{"line":80,"column":2662}},"13":{"start":{"line":81,"column":12},"end":{"line":81,"column":84}},"14":{"start":{"line":84,"column":8},"end":{"line":84,"column":79}},"15":{"start":{"line":86,"column":8},"end":{"line":86,"column":2992}},"16":{"start":{"line":89,"column":8},"end":{"line":89,"column":44}},"17":{"start":{"line":90,"column":8},"end":{"line":90,"column":41}},"18":{"start":{"line":92,"column":8},"end":{"line":92,"column":69}},"19":{"start":{"line":94,"column":8},"end":{"line":94,"column":75}},"20":{"start":{"line":96,"column":8},"end":{"line":96,"column":3278}},"21":{"start":{"line":101,"column":8},"end":{"line":101,"column":3435}},"22":{"start":{"line":115,"column":8},"end":{"line":115,"column":27}},"23":{"start":{"line":127,"column":8},"end":{"line":127,"column":54}},"24":{"start":{"line":129,"column":8},"end":{"line":129,"column":49}},"25":{"start":{"line":130,"column":8},"end":{"line":130,"column":47}},"26":{"start":{"line":135,"column":8},"end":{"line":135,"column":57}},"27":{"start":{"line":137,"column":8},"end":{"line":137,"column":28}}},"branchMap":{"1":{"line":80,"type":"if","locations":[{"start":{"line":80,"column":8},"end":{"line":80,"column":8}},{"start":{"line":80,"column":8},"end":{"line":80,"column":8}}]}}},"contracts/actions/exchange/DfsSell.sol":{"l":{"25":0,"27":0,"33":0,"40":0,"46":0,"47":0,"49":0,"51":0,"56":0,"58":0,"63":0,"81":0,"82":0,"85":0,"87":0,"88":0,"90":0,"92":0,"94":0,"108":0,"120":0,"122":0,"123":0,"128":0,"130":0},"path":"/Users/nenadpalinkasevic/Desktop/blockchain/defisaver-v3-contracts/contracts/actions/exchange/DfsSell.sol","s":{"1":0,"2":0,"3":0,"4":0,"5":0,"6":0,"7":0,"8":0,"9":0,"10":0,"11":0,"12":0,"13":0,"14":0,"15":0,"16":0,"17":0,"18":0,"19":0,"20":0,"21":0,"22":0,"23":0,"24":0,"25":0},"b":{"1":[0,0]},"f":{"1":0,"2":0,"3":0,"4":0,"5":0,"6":0},"fnMap":{"1":{"name":"executeAction","line":19,"loc":{"start":{"line":19,"column":4},"end":{"line":52,"column":4}}},"2":{"name":"executeActionDirect","line":55,"loc":{"start":{"line":55,"column":4},"end":{"line":59,"column":4}}},"3":{"name":"actionType","line":62,"loc":{"start":{"line":62,"column":4},"end":{"line":64,"column":4}}},"4":{"name":"_dfsSell","line":74,"loc":{"start":{"line":74,"column":4},"end":{"line":109,"column":4}}},"5":{"name":"parseInputs","line":111,"loc":{"start":{"line":111,"column":4},"end":{"line":124,"column":4}}},"6":{"name":"getUserAddress","line":127,"loc":{"start":{"line":127,"column":4},"end":{"line":131,"column":4}}}},"statementMap":{"1":{"start":{"line":25,"column":8},"end":{"line":25,"column":93}},"2":{"start":{"line":27,"column":8},"end":{"line":27,"column":810}},"3":{"start":{"line":33,"column":8},"end":{"line":33,"column":981}},"4":{"start":{"line":40,"column":8},"end":{"line":40,"column":1155}},"5":{"start":{"line":46,"column":8},"end":{"line":46,"column":78}},"6":{"start":{"line":47,"column":8},"end":{"line":47,"column":74}},"7":{"start":{"line":49,"column":8},"end":{"line":49,"column":78}},"8":{"start":{"line":51,"column":8},"end":{"line":51,"column":39}},"9":{"start":{"line":56,"column":8},"end":{"line":56,"column":93}},"10":{"start":{"line":58,"column":8},"end":{"line":58,"column":51}},"11":{"start":{"line":63,"column":8},"end":{"line":63,"column":48}},"12":{"start":{"line":81,"column":8},"end":{"line":81,"column":2651}},"13":{"start":{"line":82,"column":12},"end":{"line":82,"column":84}},"14":{"start":{"line":85,"column":8},"end":{"line":85,"column":79}},"15":{"start":{"line":87,"column":8},"end":{"line":87,"column":44}},"16":{"start":{"line":88,"column":8},"end":{"line":88,"column":41}},"17":{"start":{"line":90,"column":8},"end":{"line":90,"column":73}},"18":{"start":{"line":92,"column":8},"end":{"line":92,"column":66}},"19":{"start":{"line":94,"column":8},"end":{"line":94,"column":3130}},"20":{"start":{"line":108,"column":8},"end":{"line":108,"column":30}},"21":{"start":{"line":120,"column":8},"end":{"line":120,"column":54}},"22":{"start":{"line":122,"column":8},"end":{"line":122,"column":49}},"23":{"start":{"line":123,"column":8},"end":{"line":123,"column":47}},"24":{"start":{"line":128,"column":8},"end":{"line":128,"column":57}},"25":{"start":{"line":130,"column":8},"end":{"line":130,"column":28}}},"branchMap":{"1":{"line":81,"type":"if","locations":[{"start":{"line":81,"column":8},"end":{"line":81,"column":8}},{"start":{"line":81,"column":8},"end":{"line":81,"column":8}}]}}},"contracts/actions/flashloan/dydx/DydxFlashLoanBase.sol":{"l":{"19":0,"21":0,"23":0,"24":0,"25":0,"30":0,"35":0,"39":0,"47":0,"70":0,"93":0},"path":"/Users/nenadpalinkasevic/Desktop/blockchain/defisaver-v3-contracts/contracts/actions/flashloan/dydx/DydxFlashLoanBase.sol","s":{"1":0,"2":0,"3":0,"4":0,"5":0,"6":0,"7":0,"8":0,"9":0,"10":0,"11":0},"b":{"1":[0,0]},"f":{"1":0,"2":0,"3":0,"4":0,"5":0,"6":0},"fnMap":{"1":{"name":"_getMarketIdFromTokenAddress","line":14,"loc":{"start":{"line":14,"column":4},"end":{"line":31,"column":4}}},"2":{"name":"_getRepaymentAmountInternal","line":33,"loc":{"start":{"line":33,"column":4},"end":{"line":36,"column":4}}},"3":{"name":"_getAccountInfo","line":38,"loc":{"start":{"line":38,"column":4},"end":{"line":40,"column":4}}},"4":{"name":"_getWithdrawAction","line":42,"loc":{"start":{"line":42,"column":4},"end":{"line":63,"column":4}}},"5":{"name":"_getCallAction","line":65,"loc":{"start":{"line":65,"column":4},"end":{"line":86,"column":4}}},"6":{"name":"_getDepositAction","line":88,"loc":{"start":{"line":88,"column":4},"end":{"line":109,"column":4}}}},"statementMap":{"1":{"start":{"line":19,"column":8},"end":{"line":19,"column":45}},"2":{"start":{"line":21,"column":8},"end":{"line":21,"column":50}},"3":{"start":{"line":23,"column":8},"end":{"line":23,"column":601}},"4":{"start":{"line":24,"column":12},"end":{"line":24,"column":661}},"5":{"start":{"line":25,"column":16},"end":{"line":25,"column":24}},"6":{"start":{"line":30,"column":8},"end":{"line":30,"column":50}},"7":{"start":{"line":35,"column":8},"end":{"line":35,"column":28}},"8":{"start":{"line":39,"column":8},"end":{"line":39,"column":62}},"9":{"start":{"line":47,"column":8},"end":{"line":47,"column":1372}},"10":{"start":{"line":70,"column":8},"end":{"line":70,"column":2111}},"11":{"start":{"line":93,"column":8},"end":{"line":93,"column":2856}}},"branchMap":{"1":{"line":24,"type":"if","locations":[{"start":{"line":24,"column":12},"end":{"line":24,"column":12}},{"start":{"line":24,"column":12},"end":{"line":24,"column":12}}]}}},"contracts/actions/flashloan/dydx/FLDyDx.sol":{"l":{"45":0,"49":0,"50":0,"53":0,"54":0,"57":0,"58":0,"60":0,"68":0,"83":0,"85":0,"88":0,"90":0,"92":0,"94":0,"96":0,"97":0,"98":0,"100":0,"101":0,"103":0,"105":0,"107":0,"116":0,"117":0,"119":0,"122":0,"124":0,"126":0,"129":0,"136":0,"150":0,"151":0,"152":0,"153":0},"path":"/Users/nenadpalinkasevic/Desktop/blockchain/defisaver-v3-contracts/contracts/actions/flashloan/dydx/FLDyDx.sol","s":{"1":0,"2":0,"3":0,"4":0,"5":0,"6":0,"7":0,"8":0,"9":0,"10":0,"11":0,"12":0,"13":0,"14":0,"15":0,"16":0,"17":0,"18":0,"19":0,"20":0,"21":0,"22":0,"23":0,"24":0,"25":0,"26":0,"27":0,"28":0,"29":0,"30":0,"31":0,"32":0,"33":0,"34":0,"35":0},"b":{"1":[0,0],"2":[0,0],"3":[0,0]},"f":{"1":0,"2":0,"3":0,"4":0,"5":0,"6":0},"fnMap":{"1":{"name":"executeAction","line":39,"loc":{"start":{"line":39,"column":4},"end":{"line":61,"column":4}}},"2":{"name":"executeActionDirect","line":64,"loc":{"start":{"line":64,"column":4},"end":{"line":64,"column":84}}},"3":{"name":"actionType","line":67,"loc":{"start":{"line":67,"column":4},"end":{"line":69,"column":4}}},"4":{"name":"_flDyDx","line":77,"loc":{"start":{"line":77,"column":4},"end":{"line":108,"column":4}}},"5":{"name":"callFunction","line":115,"loc":{"start":{"line":111,"column":4},"end":{"line":137,"column":4}}},"6":{"name":"parseInputs","line":140,"loc":{"start":{"line":140,"column":4},"end":{"line":154,"column":4}}}},"statementMap":{"1":{"start":{"line":45,"column":8},"end":{"line":45,"column":1700}},"2":{"start":{"line":49,"column":8},"end":{"line":49,"column":1872}},"3":{"start":{"line":50,"column":12},"end":{"line":50,"column":2002}},"4":{"start":{"line":53,"column":12},"end":{"line":53,"column":30}},"5":{"start":{"line":54,"column":12},"end":{"line":54,"column":28}},"6":{"start":{"line":57,"column":8},"end":{"line":57,"column":63}},"7":{"start":{"line":58,"column":8},"end":{"line":58,"column":86}},"8":{"start":{"line":60,"column":8},"end":{"line":60,"column":32}},"9":{"start":{"line":68,"column":8},"end":{"line":68,"column":42}},"10":{"start":{"line":83,"column":8},"end":{"line":83,"column":48}},"11":{"start":{"line":85,"column":8},"end":{"line":85,"column":59}},"12":{"start":{"line":88,"column":8},"end":{"line":88,"column":84}},"13":{"start":{"line":90,"column":8},"end":{"line":90,"column":66}},"14":{"start":{"line":92,"column":8},"end":{"line":92,"column":67}},"15":{"start":{"line":94,"column":8},"end":{"line":94,"column":76}},"16":{"start":{"line":96,"column":8},"end":{"line":96,"column":70}},"17":{"start":{"line":97,"column":8},"end":{"line":97,"column":54}},"18":{"start":{"line":98,"column":8},"end":{"line":98,"column":78}},"19":{"start":{"line":100,"column":8},"end":{"line":100,"column":66}},"20":{"start":{"line":101,"column":8},"end":{"line":101,"column":42}},"21":{"start":{"line":103,"column":8},"end":{"line":103,"column":45}},"22":{"start":{"line":105,"column":8},"end":{"line":105,"column":83}},"23":{"start":{"line":107,"column":8},"end":{"line":107,"column":22}},"24":{"start":{"line":116,"column":8},"end":{"line":116,"column":71}},"25":{"start":{"line":117,"column":8},"end":{"line":117,"column":60}},"26":{"start":{"line":119,"column":8},"end":{"line":119,"column":4443}},"27":{"start":{"line":122,"column":8},"end":{"line":122,"column":85}},"28":{"start":{"line":124,"column":8},"end":{"line":124,"column":46}},"29":{"start":{"line":126,"column":8},"end":{"line":126,"column":82}},"30":{"start":{"line":129,"column":8},"end":{"line":129,"column":4779}},"31":{"start":{"line":136,"column":8},"end":{"line":136,"column":36}},"32":{"start":{"line":150,"column":8},"end":{"line":150,"column":51}},"33":{"start":{"line":151,"column":8},"end":{"line":151,"column":50}},"34":{"start":{"line":152,"column":8},"end":{"line":152,"column":62}},"35":{"start":{"line":153,"column":8},"end":{"line":153,"column":60}}},"branchMap":{"1":{"line":49,"type":"if","locations":[{"start":{"line":49,"column":8},"end":{"line":49,"column":8}},{"start":{"line":49,"column":8},"end":{"line":49,"column":8}}]},"2":{"line":116,"type":"if","locations":[{"start":{"line":116,"column":8},"end":{"line":116,"column":8}},{"start":{"line":116,"column":8},"end":{"line":116,"column":8}}]},"3":{"line":117,"type":"if","locations":[{"start":{"line":117,"column":8},"end":{"line":117,"column":8}},{"start":{"line":117,"column":8},"end":{"line":117,"column":8}}]}}},"contracts/actions/flashloan/FLAaveV2.sol":{"l":{"57":0,"60":0,"61":0,"65":0,"66":0,"68":0,"76":0,"86":0,"96":0,"103":0,"114":0,"115":0,"117":0,"120":0,"121":0,"124":0,"127":0,"133":0,"134":0,"137":0,"145":0,"146":0,"147":0,"148":0,"149":0,"150":0},"path":"/Users/nenadpalinkasevic/Desktop/blockchain/defisaver-v3-contracts/contracts/actions/flashloan/FLAaveV2.sol","s":{"1":0,"2":0,"3":0,"4":0,"5":0,"6":0,"7":0,"8":0,"9":0,"10":0,"11":0,"12":0,"13":0,"14":0,"15":0,"16":0,"17":0,"18":0,"19":0,"20":0,"21":0,"22":0,"23":0,"24":0,"25":0,"26":0},"b":{"1":[0,0],"2":[0,0],"3":[0,0]},"f":{"1":0,"2":0,"3":0,"4":0,"5":0,"6":0},"fnMap":{"1":{"name":"executeAction","line":51,"loc":{"start":{"line":51,"column":4},"end":{"line":69,"column":4}}},"2":{"name":"executeActionDirect","line":72,"loc":{"start":{"line":72,"column":4},"end":{"line":72,"column":84}}},"3":{"name":"actionType","line":75,"loc":{"start":{"line":75,"column":4},"end":{"line":77,"column":4}}},"4":{"name":"_flAaveV2","line":84,"loc":{"start":{"line":84,"column":4},"end":{"line":104,"column":4}}},"5":{"name":"executeOperation","line":113,"loc":{"start":{"line":107,"column":4},"end":{"line":138,"column":4}}},"6":{"name":"parseInputs","line":140,"loc":{"start":{"line":140,"column":4},"end":{"line":151,"column":4}}}},"statementMap":{"1":{"start":{"line":57,"column":8},"end":{"line":57,"column":59}},"2":{"start":{"line":60,"column":8},"end":{"line":60,"column":2026}},"3":{"start":{"line":61,"column":12},"end":{"line":61,"column":2176}},"4":{"start":{"line":65,"column":8},"end":{"line":65,"column":63}},"5":{"start":{"line":66,"column":8},"end":{"line":66,"column":51}},"6":{"start":{"line":68,"column":8},"end":{"line":68,"column":32}},"7":{"start":{"line":76,"column":8},"end":{"line":76,"column":42}},"8":{"start":{"line":86,"column":8},"end":{"line":86,"column":3096}},"9":{"start":{"line":96,"column":8},"end":{"line":96,"column":3356}},"10":{"start":{"line":103,"column":8},"end":{"line":103,"column":33}},"11":{"start":{"line":114,"column":8},"end":{"line":114,"column":69}},"12":{"start":{"line":115,"column":8},"end":{"line":115,"column":60}},"13":{"start":{"line":117,"column":8},"end":{"line":117,"column":84}},"14":{"start":{"line":120,"column":8},"end":{"line":120,"column":4172}},"15":{"start":{"line":121,"column":12},"end":{"line":121,"column":56}},"16":{"start":{"line":124,"column":8},"end":{"line":124,"column":82}},"17":{"start":{"line":127,"column":8},"end":{"line":127,"column":4415}},"18":{"start":{"line":133,"column":8},"end":{"line":133,"column":4637}},"19":{"start":{"line":134,"column":12},"end":{"line":134,"column":89}},"20":{"start":{"line":137,"column":8},"end":{"line":137,"column":19}},"21":{"start":{"line":145,"column":8},"end":{"line":145,"column":61}},"22":{"start":{"line":146,"column":8},"end":{"line":146,"column":60}},"23":{"start":{"line":147,"column":8},"end":{"line":147,"column":59}},"24":{"start":{"line":148,"column":8},"end":{"line":148,"column":62}},"25":{"start":{"line":149,"column":8},"end":{"line":149,"column":69}},"26":{"start":{"line":150,"column":8},"end":{"line":150,"column":67}}},"branchMap":{"1":{"line":60,"type":"if","locations":[{"start":{"line":60,"column":8},"end":{"line":60,"column":8}},{"start":{"line":60,"column":8},"end":{"line":60,"column":8}}]},"2":{"line":114,"type":"if","locations":[{"start":{"line":114,"column":8},"end":{"line":114,"column":8}},{"start":{"line":114,"column":8},"end":{"line":114,"column":8}}]},"3":{"line":115,"type":"if","locations":[{"start":{"line":115,"column":8},"end":{"line":115,"column":8}},{"start":{"line":115,"column":8},"end":{"line":115,"column":8}}]}}},"contracts/actions/mcd/helpers/McdHelper.sol":{"l":{"25":0,"26":0,"27":0,"34":0,"42":0,"48":0,"49":0,"57":0,"59":0,"60":0,"62":0,"63":0,"72":0,"73":0,"74":0,"76":0,"77":0,"80":0,"87":0,"90":0,"91":0,"94":0,"102":0,"103":0,"106":0,"114":0,"116":0,"117":0,"119":0,"126":0,"128":0},"path":"/Users/nenadpalinkasevic/Desktop/blockchain/defisaver-v3-contracts/contracts/actions/mcd/helpers/McdHelper.sol","s":{"1":0,"2":0,"3":0,"4":0,"5":0,"6":0,"7":0,"8":0,"9":0,"10":0,"11":0,"12":0,"13":0,"14":0,"15":0,"16":0,"17":0,"18":0,"19":0,"20":0,"21":0,"22":0,"23":0,"24":0,"25":0,"26":0,"27":0,"28":0,"29":0,"30":0,"31":0,"32":0},"b":{"1":[0,0],"2":[0,0],"3":[0,0],"4":[0,0],"5":[0,0]},"f":{"1":0,"2":0,"3":0,"4":0,"5":0,"6":0,"7":0,"8":0,"9":0,"10":0},"fnMap":{"1":{"name":"normalizeDrawAmount","line":24,"loc":{"start":{"line":24,"column":4},"end":{"line":29,"column":4}}},"2":{"name":"toRad","line":33,"loc":{"start":{"line":33,"column":4},"end":{"line":35,"column":4}}},"3":{"name":"convertTo18","line":41,"loc":{"start":{"line":41,"column":4},"end":{"line":43,"column":4}}},"4":{"name":"toPositiveInt","line":47,"loc":{"start":{"line":47,"column":4},"end":{"line":50,"column":4}}},"5":{"name":"normalizePaybackAmount","line":56,"loc":{"start":{"line":56,"column":4},"end":{"line":64,"column":4}}},"6":{"name":"getAllDebt","line":71,"loc":{"start":{"line":71,"column":4},"end":{"line":81,"column":4}}},"7":{"name":"isEthJoinAddr","line":85,"loc":{"start":{"line":85,"column":4},"end":{"line":95,"column":4}}},"8":{"name":"getTokenFromJoin","line":100,"loc":{"start":{"line":100,"column":4},"end":{"line":107,"column":4}}},"9":{"name":"getCdpInfo","line":113,"loc":{"start":{"line":113,"column":4},"end":{"line":120,"column":4}}},"10":{"name":"getOwner","line":125,"loc":{"start":{"line":125,"column":4},"end":{"line":129,"column":4}}}},"statementMap":{"1":{"start":{"line":25,"column":8},"end":{"line":25,"column":1016}},"2":{"start":{"line":26,"column":12},"end":{"line":26,"column":79}},"3":{"start":{"line":27,"column":12},"end":{"line":27,"column":78}},"4":{"start":{"line":34,"column":8},"end":{"line":34,"column":34}},"5":{"start":{"line":42,"column":8},"end":{"line":42,"column":67}},"6":{"start":{"line":48,"column":8},"end":{"line":48,"column":18}},"7":{"start":{"line":49,"column":8},"end":{"line":49,"column":38}},"8":{"start":{"line":57,"column":8},"end":{"line":57,"column":39}},"9":{"start":{"line":59,"column":8},"end":{"line":59,"column":48}},"10":{"start":{"line":60,"column":8},"end":{"line":60,"column":50}},"11":{"start":{"line":62,"column":8},"end":{"line":62,"column":41}},"12":{"start":{"line":63,"column":8},"end":{"line":63,"column":69}},"13":{"start":{"line":72,"column":8},"end":{"line":72,"column":48}},"14":{"start":{"line":73,"column":8},"end":{"line":73,"column":50}},"15":{"start":{"line":74,"column":8},"end":{"line":74,"column":39}},"16":{"start":{"line":76,"column":8},"end":{"line":76,"column":43}},"17":{"start":{"line":77,"column":8},"end":{"line":77,"column":28}},"18":{"start":{"line":80,"column":8},"end":{"line":80,"column":72}},"19":{"start":{"line":87,"column":8},"end":{"line":87,"column":52}},"20":{"start":{"line":87,"column":40},"end":{"line":87,"column":52}},"21":{"start":{"line":90,"column":8},"end":{"line":90,"column":3703}},"22":{"start":{"line":91,"column":12},"end":{"line":91,"column":23}},"23":{"start":{"line":94,"column":8},"end":{"line":94,"column":20}},"24":{"start":{"line":102,"column":8},"end":{"line":102,"column":4190}},"25":{"start":{"line":103,"column":12},"end":{"line":103,"column":27}},"26":{"start":{"line":106,"column":8},"end":{"line":106,"column":46}},"27":{"start":{"line":114,"column":8},"end":{"line":114,"column":43}},"28":{"start":{"line":116,"column":8},"end":{"line":116,"column":58}},"29":{"start":{"line":117,"column":8},"end":{"line":117,"column":40}},"30":{"start":{"line":119,"column":8},"end":{"line":119,"column":45}},"31":{"start":{"line":126,"column":8},"end":{"line":126,"column":63}},"32":{"start":{"line":128,"column":8},"end":{"line":128,"column":28}}},"branchMap":{"1":{"line":25,"type":"if","locations":[{"start":{"line":25,"column":8},"end":{"line":25,"column":8}},{"start":{"line":25,"column":8},"end":{"line":25,"column":8}}]},"2":{"line":49,"type":"if","locations":[{"start":{"line":49,"column":8},"end":{"line":49,"column":8}},{"start":{"line":49,"column":8},"end":{"line":49,"column":8}}]},"3":{"line":87,"type":"if","locations":[{"start":{"line":87,"column":8},"end":{"line":87,"column":8}},{"start":{"line":87,"column":8},"end":{"line":87,"column":8}}]},"4":{"line":90,"type":"if","locations":[{"start":{"line":90,"column":8},"end":{"line":90,"column":8}},{"start":{"line":90,"column":8},"end":{"line":90,"column":8}}]},"5":{"line":102,"type":"if","locations":[{"start":{"line":102,"column":8},"end":{"line":102,"column":8}},{"start":{"line":102,"column":8},"end":{"line":102,"column":8}}]}}},"contracts/actions/mcd/McdGenerate.sol":{"l":{"29":0,"31":0,"32":0,"33":0,"35":0,"37":0,"42":0,"44":0,"49":0,"65":0,"67":0,"68":0,"71":0,"76":0,"79":0,"80":0,"84":0,"86":0,"93":0,"106":0,"107":0,"108":0,"109":0},"path":"/Users/nenadpalinkasevic/Desktop/blockchain/defisaver-v3-contracts/contracts/actions/mcd/McdGenerate.sol","s":{"1":0,"2":0,"3":0,"4":0,"5":0,"6":0,"7":0,"8":0,"9":0,"10":0,"11":0,"12":0,"13":0,"14":0,"15":0,"16":0,"17":0,"18":0,"19":0,"20":0,"21":0,"22":0,"23":0},"b":{"1":[0,0]},"f":{"1":0,"2":0,"3":0,"4":0,"5":0},"fnMap":{"1":{"name":"executeAction","line":23,"loc":{"start":{"line":23,"column":4},"end":{"line":38,"column":4}}},"2":{"name":"executeActionDirect","line":41,"loc":{"start":{"line":41,"column":4},"end":{"line":45,"column":4}}},"3":{"name":"actionType","line":48,"loc":{"start":{"line":48,"column":4},"end":{"line":50,"column":4}}},"4":{"name":"_mcdGenerate","line":59,"loc":{"start":{"line":59,"column":4},"end":{"line":94,"column":4}}},"5":{"name":"parseInputs","line":96,"loc":{"start":{"line":96,"column":4},"end":{"line":110,"column":4}}}},"statementMap":{"1":{"start":{"line":29,"column":8},"end":{"line":29,"column":96}},"2":{"start":{"line":31,"column":8},"end":{"line":31,"column":80}},"3":{"start":{"line":32,"column":8},"end":{"line":32,"column":82}},"4":{"start":{"line":33,"column":8},"end":{"line":33,"column":74}},"5":{"start":{"line":35,"column":8},"end":{"line":35,"column":59}},"6":{"start":{"line":37,"column":8},"end":{"line":37,"column":30}},"7":{"start":{"line":42,"column":8},"end":{"line":42,"column":96}},"8":{"start":{"line":44,"column":8},"end":{"line":44,"column":50}},"9":{"start":{"line":49,"column":8},"end":{"line":49,"column":48}},"10":{"start":{"line":65,"column":8},"end":{"line":65,"column":51}},"11":{"start":{"line":67,"column":8},"end":{"line":67,"column":72}},"12":{"start":{"line":68,"column":8},"end":{"line":68,"column":66}},"13":{"start":{"line":71,"column":8},"end":{"line":71,"column":2618}},"14":{"start":{"line":76,"column":8},"end":{"line":76,"column":63}},"15":{"start":{"line":79,"column":8},"end":{"line":79,"column":2871}},"16":{"start":{"line":80,"column":12},"end":{"line":80,"column":34}},"17":{"start":{"line":84,"column":8},"end":{"line":84,"column":49}},"18":{"start":{"line":86,"column":8},"end":{"line":86,"column":3092}},"19":{"start":{"line":93,"column":8},"end":{"line":93,"column":22}},"20":{"start":{"line":106,"column":8},"end":{"line":106,"column":52}},"21":{"start":{"line":107,"column":8},"end":{"line":107,"column":51}},"22":{"start":{"line":108,"column":8},"end":{"line":108,"column":47}},"23":{"start":{"line":109,"column":8},"end":{"line":109,"column":55}}},"branchMap":{"1":{"line":79,"type":"if","locations":[{"start":{"line":79,"column":8},"end":{"line":79,"column":8}},{"start":{"line":79,"column":8},"end":{"line":79,"column":8}}]}}},"contracts/actions/mcd/McdGive.sol":{"l":{"25":0,"28":0,"29":0,"31":0,"33":0,"38":0,"41":0,"46":0,"63":0,"65":0,"66":0,"68":0,"69":0,"72":0,"75":0,"77":0,"79":0,"97":0,"98":0,"99":0,"100":0},"path":"/Users/nenadpalinkasevic/Desktop/blockchain/defisaver-v3-contracts/contracts/actions/mcd/McdGive.sol","s":{"1":0,"2":0,"3":0,"4":0,"5":0,"6":0,"7":0,"8":0,"9":0,"10":0,"11":0,"12":0,"13":0,"14":0,"15":0,"16":0,"17":0,"18":0,"19":0,"20":0,"21":0},"b":{"1":[0,0],"2":[0,0],"3":[0,0]},"f":{"1":0,"2":0,"3":0,"4":0,"5":0},"fnMap":{"1":{"name":"executeAction","line":19,"loc":{"start":{"line":19,"column":4},"end":{"line":34,"column":4}}},"2":{"name":"executeActionDirect","line":37,"loc":{"start":{"line":37,"column":4},"end":{"line":42,"column":4}}},"3":{"name":"actionType","line":45,"loc":{"start":{"line":45,"column":4},"end":{"line":47,"column":4}}},"4":{"name":"_mcdGive","line":57,"loc":{"start":{"line":57,"column":4},"end":{"line":85,"column":4}}},"5":{"name":"parseInputs","line":87,"loc":{"start":{"line":87,"column":4},"end":{"line":101,"column":4}}}},"statementMap":{"1":{"start":{"line":25,"column":8},"end":{"line":25,"column":846}},"2":{"start":{"line":28,"column":8},"end":{"line":28,"column":84}},"3":{"start":{"line":29,"column":8},"end":{"line":29,"column":86}},"4":{"start":{"line":31,"column":8},"end":{"line":31,"column":70}},"5":{"start":{"line":33,"column":8},"end":{"line":33,"column":41}},"6":{"start":{"line":38,"column":8},"end":{"line":38,"column":1384}},"7":{"start":{"line":41,"column":8},"end":{"line":41,"column":59}},"8":{"start":{"line":46,"column":8},"end":{"line":46,"column":48}},"9":{"start":{"line":63,"column":8},"end":{"line":63,"column":27}},"10":{"start":{"line":65,"column":8},"end":{"line":65,"column":2362}},"11":{"start":{"line":66,"column":12},"end":{"line":66,"column":82}},"12":{"start":{"line":68,"column":12},"end":{"line":68,"column":2483}},"13":{"start":{"line":69,"column":16},"end":{"line":69,"column":75}},"14":{"start":{"line":72,"column":12},"end":{"line":72,"column":27}},"15":{"start":{"line":75,"column":8},"end":{"line":75,"column":57}},"16":{"start":{"line":77,"column":8},"end":{"line":77,"column":53}},"17":{"start":{"line":79,"column":8},"end":{"line":79,"column":2806}},"18":{"start":{"line":97,"column":8},"end":{"line":97,"column":52}},"19":{"start":{"line":98,"column":8},"end":{"line":98,"column":53}},"20":{"start":{"line":99,"column":8},"end":{"line":99,"column":53}},"21":{"start":{"line":100,"column":8},"end":{"line":100,"column":55}}},"branchMap":{"1":{"line":65,"type":"if","locations":[{"start":{"line":65,"column":8},"end":{"line":65,"column":8}},{"start":{"line":65,"column":8},"end":{"line":65,"column":8}}]},"2":{"line":68,"type":"if","locations":[{"start":{"line":68,"column":12},"end":{"line":68,"column":12}},{"start":{"line":68,"column":12},"end":{"line":68,"column":12}}]},"3":{"line":75,"type":"if","locations":[{"start":{"line":75,"column":8},"end":{"line":75,"column":8}},{"start":{"line":75,"column":8},"end":{"line":75,"column":8}}]}}},"contracts/actions/mcd/McdMerge.sol":{"l":{"23":0,"25":0,"26":0,"28":0,"30":0,"35":0,"37":0,"42":0,"57":0,"59":0,"76":0,"77":0,"78":0},"path":"/Users/nenadpalinkasevic/Desktop/blockchain/defisaver-v3-contracts/contracts/actions/mcd/McdMerge.sol","s":{"1":0,"2":0,"3":0,"4":0,"5":0,"6":0,"7":0,"8":0,"9":0,"10":0,"11":0,"12":0,"13":0},"b":{},"f":{"1":0,"2":0,"3":0,"4":0,"5":0},"fnMap":{"1":{"name":"executeAction","line":17,"loc":{"start":{"line":17,"column":4},"end":{"line":31,"column":4}}},"2":{"name":"executeActionDirect","line":34,"loc":{"start":{"line":34,"column":4},"end":{"line":38,"column":4}}},"3":{"name":"actionType","line":41,"loc":{"start":{"line":41,"column":4},"end":{"line":43,"column":4}}},"4":{"name":"_mcdMerge","line":52,"loc":{"start":{"line":52,"column":4},"end":{"line":65,"column":4}}},"5":{"name":"parseInputs","line":67,"loc":{"start":{"line":67,"column":4},"end":{"line":79,"column":4}}}},"statementMap":{"1":{"start":{"line":23,"column":8},"end":{"line":23,"column":94}},"2":{"start":{"line":25,"column":8},"end":{"line":25,"column":90}},"3":{"start":{"line":26,"column":8},"end":{"line":26,"column":92}},"4":{"start":{"line":28,"column":8},"end":{"line":28,"column":53}},"5":{"start":{"line":30,"column":8},"end":{"line":30,"column":35}},"6":{"start":{"line":35,"column":8},"end":{"line":35,"column":94}},"7":{"start":{"line":37,"column":8},"end":{"line":37,"column":53}},"8":{"start":{"line":42,"column":8},"end":{"line":42,"column":48}},"9":{"start":{"line":57,"column":8},"end":{"line":57,"column":61}},"10":{"start":{"line":59,"column":8},"end":{"line":59,"column":2085}},"11":{"start":{"line":76,"column":8},"end":{"line":76,"column":55}},"12":{"start":{"line":77,"column":8},"end":{"line":77,"column":56}},"13":{"start":{"line":78,"column":8},"end":{"line":78,"column":55}}},"branchMap":{}},"contracts/actions/mcd/McdOpen.sol":{"l":{"19":0,"21":0,"23":0,"25":0,"30":0,"32":0,"37":0,"46":0,"47":0,"49":0,"62":0,"63":0},"path":"/Users/nenadpalinkasevic/Desktop/blockchain/defisaver-v3-contracts/contracts/actions/mcd/McdOpen.sol","s":{"1":0,"2":0,"3":0,"4":0,"5":0,"6":0,"7":0,"8":0,"9":0,"10":0,"11":0,"12":0},"b":{},"f":{"1":0,"2":0,"3":0,"4":0,"5":0},"fnMap":{"1":{"name":"executeAction","line":13,"loc":{"start":{"line":13,"column":4},"end":{"line":26,"column":4}}},"2":{"name":"executeActionDirect","line":29,"loc":{"start":{"line":29,"column":4},"end":{"line":33,"column":4}}},"3":{"name":"actionType","line":36,"loc":{"start":{"line":36,"column":4},"end":{"line":38,"column":4}}},"4":{"name":"_mcdOpen","line":45,"loc":{"start":{"line":45,"column":4},"end":{"line":55,"column":4}}},"5":{"name":"parseInputs","line":57,"loc":{"start":{"line":57,"column":4},"end":{"line":64,"column":4}}}},"statementMap":{"1":{"start":{"line":19,"column":8},"end":{"line":19,"column":71}},"2":{"start":{"line":21,"column":8},"end":{"line":21,"column":86}},"3":{"start":{"line":23,"column":8},"end":{"line":23,"column":59}},"4":{"start":{"line":25,"column":8},"end":{"line":25,"column":34}},"5":{"start":{"line":30,"column":8},"end":{"line":30,"column":71}},"6":{"start":{"line":32,"column":8},"end":{"line":32,"column":37}},"7":{"start":{"line":37,"column":8},"end":{"line":37,"column":48}},"8":{"start":{"line":46,"column":8},"end":{"line":46,"column":44}},"9":{"start":{"line":47,"column":8},"end":{"line":47,"column":63}},"10":{"start":{"line":49,"column":8},"end":{"line":49,"column":1668}},"11":{"start":{"line":62,"column":8},"end":{"line":62,"column":53}},"12":{"start":{"line":63,"column":8},"end":{"line":63,"column":55}}},"branchMap":{}},"contracts/actions/mcd/McdPayback.sol":{"l":{"24":0,"27":0,"28":0,"29":0,"31":0,"33":0,"38":0,"41":0,"46":0,"62":0,"64":0,"65":0,"68":0,"69":0,"73":0,"74":0,"75":0,"78":0,"80":0,"87":0,"100":0,"101":0,"102":0,"103":0},"path":"/Users/nenadpalinkasevic/Desktop/blockchain/defisaver-v3-contracts/contracts/actions/mcd/McdPayback.sol","s":{"1":0,"2":0,"3":0,"4":0,"5":0,"6":0,"7":0,"8":0,"9":0,"10":0,"11":0,"12":0,"13":0,"14":0,"15":0,"16":0,"17":0,"18":0,"19":0,"20":0,"21":0,"22":0,"23":0,"24":0},"b":{"1":[0,0]},"f":{"1":0,"2":0,"3":0,"4":0,"5":0},"fnMap":{"1":{"name":"executeAction","line":18,"loc":{"start":{"line":18,"column":4},"end":{"line":34,"column":4}}},"2":{"name":"executeActionDirect","line":37,"loc":{"start":{"line":37,"column":4},"end":{"line":42,"column":4}}},"3":{"name":"actionType","line":45,"loc":{"start":{"line":45,"column":4},"end":{"line":47,"column":4}}},"4":{"name":"_mcdPayback","line":56,"loc":{"start":{"line":56,"column":4},"end":{"line":88,"column":4}}},"5":{"name":"parseInputs","line":90,"loc":{"start":{"line":90,"column":4},"end":{"line":104,"column":4}}}},"statementMap":{"1":{"start":{"line":24,"column":8},"end":{"line":24,"column":744}},"2":{"start":{"line":27,"column":8},"end":{"line":27,"column":84}},"3":{"start":{"line":28,"column":8},"end":{"line":28,"column":82}},"4":{"start":{"line":29,"column":8},"end":{"line":29,"column":78}},"5":{"start":{"line":31,"column":8},"end":{"line":31,"column":62}},"6":{"start":{"line":33,"column":8},"end":{"line":33,"column":30}},"7":{"start":{"line":38,"column":8},"end":{"line":38,"column":1334}},"8":{"start":{"line":41,"column":8},"end":{"line":41,"column":53}},"9":{"start":{"line":46,"column":8},"end":{"line":46,"column":48}},"10":{"start":{"line":62,"column":8},"end":{"line":62,"column":51}},"11":{"start":{"line":64,"column":8},"end":{"line":64,"column":47}},"12":{"start":{"line":65,"column":8},"end":{"line":65,"column":47}},"13":{"start":{"line":68,"column":8},"end":{"line":68,"column":2359}},"14":{"start":{"line":69,"column":12},"end":{"line":69,"column":60}},"15":{"start":{"line":73,"column":8},"end":{"line":73,"column":50}},"16":{"start":{"line":74,"column":8},"end":{"line":74,"column":52}},"17":{"start":{"line":75,"column":8},"end":{"line":75,"column":49}},"18":{"start":{"line":78,"column":8},"end":{"line":78,"column":83}},"19":{"start":{"line":80,"column":8},"end":{"line":80,"column":2814}},"20":{"start":{"line":87,"column":8},"end":{"line":87,"column":22}},"21":{"start":{"line":100,"column":8},"end":{"line":100,"column":52}},"22":{"start":{"line":101,"column":8},"end":{"line":101,"column":51}},"23":{"start":{"line":102,"column":8},"end":{"line":102,"column":49}},"24":{"start":{"line":103,"column":8},"end":{"line":103,"column":55}}},"branchMap":{"1":{"line":68,"type":"if","locations":[{"start":{"line":68,"column":8},"end":{"line":68,"column":8}},{"start":{"line":68,"column":8},"end":{"line":68,"column":8}}]}}},"contracts/actions/mcd/McdSupply.sol":{"l":{"24":0,"27":0,"28":0,"29":0,"30":0,"32":0,"34":0,"39":0,"42":0,"47":0,"65":0,"66":0,"69":0,"70":0,"74":0,"75":0,"76":0,"79":0,"82":0,"91":0,"98":0,"112":0,"113":0,"114":0,"115":0,"116":0},"path":"/Users/nenadpalinkasevic/Desktop/blockchain/defisaver-v3-contracts/contracts/actions/mcd/McdSupply.sol","s":{"1":0,"2":0,"3":0,"4":0,"5":0,"6":0,"7":0,"8":0,"9":0,"10":0,"11":0,"12":0,"13":0,"14":0,"15":0,"16":0,"17":0,"18":0,"19":0,"20":0,"21":0,"22":0,"23":0,"24":0,"25":0,"26":0},"b":{"1":[0,0]},"f":{"1":0,"2":0,"3":0,"4":0,"5":0},"fnMap":{"1":{"name":"executeAction","line":18,"loc":{"start":{"line":18,"column":4},"end":{"line":35,"column":4}}},"2":{"name":"executeActionDirect","line":38,"loc":{"start":{"line":38,"column":4},"end":{"line":43,"column":4}}},"3":{"name":"actionType","line":46,"loc":{"start":{"line":46,"column":4},"end":{"line":48,"column":4}}},"4":{"name":"_mcdSupply","line":58,"loc":{"start":{"line":58,"column":4},"end":{"line":99,"column":4}}},"5":{"name":"parseInputs","line":101,"loc":{"start":{"line":101,"column":4},"end":{"line":117,"column":4}}}},"statementMap":{"1":{"start":{"line":24,"column":8},"end":{"line":24,"column":742}},"2":{"start":{"line":27,"column":8},"end":{"line":27,"column":84}},"3":{"start":{"line":28,"column":8},"end":{"line":28,"column":82}},"4":{"start":{"line":29,"column":8},"end":{"line":29,"column":86}},"5":{"start":{"line":30,"column":8},"end":{"line":30,"column":78}},"6":{"start":{"line":32,"column":8},"end":{"line":32,"column":86}},"7":{"start":{"line":34,"column":8},"end":{"line":34,"column":36}},"8":{"start":{"line":39,"column":8},"end":{"line":39,"column":1468}},"9":{"start":{"line":42,"column":8},"end":{"line":42,"column":62}},"10":{"start":{"line":47,"column":8},"end":{"line":47,"column":48}},"11":{"start":{"line":65,"column":8},"end":{"line":65,"column":55}},"12":{"start":{"line":66,"column":8},"end":{"line":66,"column":51}},"13":{"start":{"line":69,"column":8},"end":{"line":69,"column":2582}},"14":{"start":{"line":70,"column":12},"end":{"line":70,"column":56}},"15":{"start":{"line":74,"column":8},"end":{"line":74,"column":51}},"16":{"start":{"line":75,"column":8},"end":{"line":75,"column":49}},"17":{"start":{"line":76,"column":8},"end":{"line":76,"column":52}},"18":{"start":{"line":79,"column":8},"end":{"line":79,"column":77}},"19":{"start":{"line":82,"column":8},"end":{"line":82,"column":3089}},"20":{"start":{"line":91,"column":8},"end":{"line":91,"column":3292}},"21":{"start":{"line":98,"column":8},"end":{"line":98,"column":22}},"22":{"start":{"line":112,"column":8},"end":{"line":112,"column":52}},"23":{"start":{"line":113,"column":8},"end":{"line":113,"column":51}},"24":{"start":{"line":114,"column":8},"end":{"line":114,"column":53}},"25":{"start":{"line":115,"column":8},"end":{"line":115,"column":49}},"26":{"start":{"line":116,"column":8},"end":{"line":116,"column":55}}},"branchMap":{"1":{"line":69,"type":"if","locations":[{"start":{"line":69,"column":8},"end":{"line":69,"column":8}},{"start":{"line":69,"column":8},"end":{"line":69,"column":8}}]}}},"contracts/actions/mcd/McdWithdraw.sol":{"l":{"24":0,"27":0,"28":0,"29":0,"30":0,"32":0,"34":0,"39":0,"42":0,"47":0,"65":0,"68":0,"69":0,"73":0,"76":0,"77":0,"80":0,"83":0,"85":0,"92":0,"98":0,"104":0,"105":0,"121":0,"122":0,"123":0,"124":0,"125":0},"path":"/Users/nenadpalinkasevic/Desktop/blockchain/defisaver-v3-contracts/contracts/actions/mcd/McdWithdraw.sol","s":{"1":0,"2":0,"3":0,"4":0,"5":0,"6":0,"7":0,"8":0,"9":0,"10":0,"11":0,"12":0,"13":0,"14":0,"15":0,"16":0,"17":0,"18":0,"19":0,"20":0,"21":0,"22":0,"23":0,"24":0,"25":0,"26":0,"27":0,"28":0},"b":{"1":[0,0],"2":[0,0]},"f":{"1":0,"2":0,"3":0,"4":0,"5":0,"6":0},"fnMap":{"1":{"name":"executeAction","line":18,"loc":{"start":{"line":18,"column":4},"end":{"line":35,"column":4}}},"2":{"name":"executeActionDirect","line":38,"loc":{"start":{"line":38,"column":4},"end":{"line":43,"column":4}}},"3":{"name":"actionType","line":46,"loc":{"start":{"line":46,"column":4},"end":{"line":48,"column":4}}},"4":{"name":"_mcdWithdraw","line":58,"loc":{"start":{"line":58,"column":4},"end":{"line":93,"column":4}}},"5":{"name":"getAllColl","line":97,"loc":{"start":{"line":97,"column":4},"end":{"line":108,"column":4}}},"6":{"name":"parseInputs","line":110,"loc":{"start":{"line":110,"column":4},"end":{"line":126,"column":4}}}},"statementMap":{"1":{"start":{"line":24,"column":8},"end":{"line":24,"column":747}},"2":{"start":{"line":27,"column":8},"end":{"line":27,"column":84}},"3":{"start":{"line":28,"column":8},"end":{"line":28,"column":82}},"4":{"start":{"line":29,"column":8},"end":{"line":29,"column":86}},"5":{"start":{"line":30,"column":8},"end":{"line":30,"column":74}},"6":{"start":{"line":32,"column":8},"end":{"line":32,"column":71}},"7":{"start":{"line":34,"column":8},"end":{"line":34,"column":30}},"8":{"start":{"line":39,"column":8},"end":{"line":39,"column":1447}},"9":{"start":{"line":42,"column":8},"end":{"line":42,"column":62}},"10":{"start":{"line":47,"column":8},"end":{"line":47,"column":48}},"11":{"start":{"line":65,"column":8},"end":{"line":65,"column":51}},"12":{"start":{"line":68,"column":8},"end":{"line":68,"column":2523}},"13":{"start":{"line":69,"column":12},"end":{"line":69,"column":64}},"14":{"start":{"line":73,"column":8},"end":{"line":73,"column":60}},"15":{"start":{"line":76,"column":8},"end":{"line":76,"column":63}},"16":{"start":{"line":77,"column":8},"end":{"line":77,"column":59}},"17":{"start":{"line":80,"column":8},"end":{"line":80,"column":52}},"18":{"start":{"line":83,"column":8},"end":{"line":83,"column":63}},"19":{"start":{"line":85,"column":8},"end":{"line":85,"column":3166}},"20":{"start":{"line":92,"column":8},"end":{"line":92,"column":22}},"21":{"start":{"line":98,"column":8},"end":{"line":98,"column":3638}},"22":{"start":{"line":104,"column":8},"end":{"line":104,"column":3769}},"23":{"start":{"line":105,"column":12},"end":{"line":105,"column":69}},"24":{"start":{"line":121,"column":8},"end":{"line":121,"column":52}},"25":{"start":{"line":122,"column":8},"end":{"line":122,"column":51}},"26":{"start":{"line":123,"column":8},"end":{"line":123,"column":53}},"27":{"start":{"line":124,"column":8},"end":{"line":124,"column":47}},"28":{"start":{"line":125,"column":8},"end":{"line":125,"column":55}}},"branchMap":{"1":{"line":68,"type":"if","locations":[{"start":{"line":68,"column":8},"end":{"line":68,"column":8}},{"start":{"line":68,"column":8},"end":{"line":68,"column":8}}]},"2":{"line":104,"type":"if","locations":[{"start":{"line":104,"column":8},"end":{"line":104,"column":8}},{"start":{"line":104,"column":8},"end":{"line":104,"column":8}}]}}},"contracts/actions/uniswap/UniSupply.sol":{"l":{"41":0,"43":0,"44":0,"45":0,"46":0,"48":0,"50":0,"55":3,"57":3,"62":0,"72":3,"73":3,"76":3,"77":3,"79":3,"80":3,"83":3,"86":3,"87":3,"89":3,"96":3,"107":3,"124":3},"path":"/Users/nenadpalinkasevic/Desktop/blockchain/defisaver-v3-contracts/contracts/actions/uniswap/UniSupply.sol","s":{"1":0,"2":0,"3":0,"4":0,"5":0,"6":0,"7":0,"8":3,"9":3,"10":0,"11":3,"12":3,"13":3,"14":3,"15":3,"16":3,"17":3,"18":3,"19":3,"20":3,"21":3,"22":3,"23":3},"b":{},"f":{"1":0,"2":3,"3":0,"4":3,"5":3,"6":3},"fnMap":{"1":{"name":"executeAction","line":35,"loc":{"start":{"line":35,"column":4},"end":{"line":51,"column":4}}},"2":{"name":"executeActionDirect","line":54,"loc":{"start":{"line":54,"column":4},"end":{"line":58,"column":4}}},"3":{"name":"actionType","line":61,"loc":{"start":{"line":61,"column":4},"end":{"line":63,"column":4}}},"4":{"name":"_uniSupply","line":70,"loc":{"start":{"line":70,"column":4},"end":{"line":97,"column":4}}},"5":{"name":"_addLiquidity","line":99,"loc":{"start":{"line":99,"column":4},"end":{"line":117,"column":4}}},"6":{"name":"parseInputs","line":119,"loc":{"start":{"line":119,"column":4},"end":{"line":125,"column":4}}}},"statementMap":{"1":{"start":{"line":41,"column":8},"end":{"line":41,"column":61}},"2":{"start":{"line":43,"column":8},"end":{"line":43,"column":98}},"3":{"start":{"line":44,"column":8},"end":{"line":44,"column":98}},"4":{"start":{"line":45,"column":8},"end":{"line":45,"column":94}},"5":{"start":{"line":46,"column":8},"end":{"line":46,"column":90}},"6":{"start":{"line":48,"column":8},"end":{"line":48,"column":47}},"7":{"start":{"line":50,"column":8},"end":{"line":50,"column":33}},"8":{"start":{"line":55,"column":8},"end":{"line":55,"column":61}},"9":{"start":{"line":57,"column":8},"end":{"line":57,"column":26}},"10":{"start":{"line":62,"column":8},"end":{"line":62,"column":48}},"11":{"start":{"line":72,"column":8},"end":{"line":72,"column":103}},"12":{"start":{"line":73,"column":8},"end":{"line":73,"column":103}},"13":{"start":{"line":76,"column":8},"end":{"line":76,"column":67}},"14":{"start":{"line":77,"column":8},"end":{"line":77,"column":67}},"15":{"start":{"line":79,"column":8},"end":{"line":79,"column":46}},"16":{"start":{"line":80,"column":8},"end":{"line":80,"column":46}},"17":{"start":{"line":83,"column":8},"end":{"line":83,"column":87}},"18":{"start":{"line":86,"column":8},"end":{"line":86,"column":89}},"19":{"start":{"line":87,"column":8},"end":{"line":87,"column":89}},"20":{"start":{"line":89,"column":
[...]
},"6":{"start":{"line":83,"column":8},"end":{"line":83,"column":45}},"7":{"start":{"line":91,"column":8},"end":{"line":91,"column":94}},"8":{"start":{"line":92,"column":8},"end":{"line":92,"column":83}},"9":{"start":{"line":100,"column":8},"end":{"line":100,"column":75}},"10":{"start":{"line":101,"column":8},"end":{"line":101,"column":50}},"11":{"start":{"line":103,"column":8},"end":{"line":103,"column":3666}},"12":{"start":{"line":104,"column":12},"end":{"line":104,"column":91}},"13":{"start":{"line":109,"column":8},"end":{"line":109,"column":75}},"14":{"start":{"line":111,"column":8},"end":{"line":111,"column":51}},"15":{"start":{"line":113,"column":8},"end":{"line":113,"column":4107}},"16":{"start":{"line":114,"column":12},"end":{"line":114,"column":38}},"17":{"start":{"line":115,"column":12},"end":{"line":115,"column":38}},"18":{"start":{"line":117,"column":12},"end":{"line":117,"column":181}},"19":{"start":{"line":126,"column":8},"end":{"line":126,"column":44}},"20":{"start":{"line":128,"column":8},"end":{"line":128,"column":4839}},"21":{"start":{"line":129,"column":12},"end":{"line":129,"column":57}},"22":{"start":{"line":138,"column":8},"end":{"line":138,"column":75}},"23":{"start":{"line":139,"column":8},"end":{"line":139,"column":94}},"24":{"start":{"line":141,"column":8},"end":{"line":141,"column":55}},"25":{"start":{"line":143,"column":8},"end":{"line":143,"column":5566}},"26":{"start":{"line":144,"column":12},"end":{"line":144,"column":97}},"27":{"start":{"line":145,"column":12},"end":{"line":145,"column":91}},"28":{"start":{"line":147,"column":12},"end":{"line":147,"column":5831}},"29":{"start":{"line":157,"column":8},"end":{"line":157,"column":6356}},"30":{"start":{"line":170,"column":8},"end":{"line":170,"column":28}},"31":{"start":{"line":172,"column":8},"end":{"line":172,"column":6817}},"32":{"start":{"line":185,"column":8},"end":{"line":185,"column":76}},"33":{"start":{"line":187,"column":8},"end":{"line":187,"column":86}},"34":{"start":{"line":189,"column":8},"end":{"line":189,"column":7244}},"35":{"start":{"line":212,"column":8},"end":{"line":212,"column":75}},"36":{"start":{"line":213,"column":8},"end":{"line":213,"column":94}},"37":{"start":{"line":215,"column":8},"end":{"line":215,"column":59}},"38":{"start":{"line":217,"column":8},"end":{"line":217,"column":8589}},"39":{"start":{"line":218,"column":12},"end":{"line":218,"column":93}},"40":{"start":{"line":228,"column":8},"end":{"line":228,"column":75}},"41":{"start":{"line":229,"column":8},"end":{"line":229,"column":94}},"42":{"start":{"line":231,"column":8},"end":{"line":231,"column":101}},"43":{"start":{"line":233,"column":8},"end":{"line":233,"column":9403}},"44":{"start":{"line":243,"column":8},"end":{"line":243,"column":26}},"45":{"start":{"line":244,"column":8},"end":{"line":244,"column":34}},"46":{"start":{"line":245,"column":8},"end":{"line":245,"column":36}},"47":{"start":{"line":247,"column":8},"end":{"line":247,"column":9880}},"48":{"start":{"line":248,"column":12},"end":{"line":248,"column":54}},"49":{"start":{"line":250,"column":12},"end":{"line":250,"column":139}},"50":{"start":{"line":251,"column":12},"end":{"line":251,"column":93}},"51":{"start":{"line":253,"column":12},"end":{"line":253,"column":10237}},"52":{"start":{"line":254,"column":16},"end":{"line":254,"column":116}},"53":{"start":{"line":255,"column":16},"end":{"line":255,"column":47}},"54":{"start":{"line":256,"column":16},"end":{"line":256,"column":62}},"55":{"start":{"line":261,"column":12},"end":{"line":261,"column":10583}},"56":{"start":{"line":262,"column":16},"end":{"line":262,"column":117}},"57":{"start":{"line":263,"column":16},"end":{"line":263,"column":57}},"58":{"start":{"line":264,"column":16},"end":{"line":264,"column":79}},"59":{"start":{"line":269,"column":12},"end":{"line":269,"column":10965}},"60":{"start":{"line":270,"column":16},"end":{"line":270,"column":119}},"61":{"start":{"line":271,"column":16},"end":{"line":271,"column":59}},"62":{"start":{"line":272,"column":16},"end":{"line":272,"column":83}},"63":{"start":{"line":277,"column":8},"end":{"line":277,"column":59}},"64":{"start":{"line":279,"column":8},"end":{"line":279,"column":19}},"65":{"start":{"line":287,"column":8},"end":{"line":287,"column":44}},"66":{"start":{"line":289,"column":8},"end":{"line":289,"column":11853}},"67":{"start":{"line":290,"column":12},"end":{"line":290,"column":53}}},"branchMap":{"1":{"line":73,"type":"if","locations":[{"start":{"line":73,"column":8},"end":{"line":73,"column":8}},{"start":{"line":73,"column":8},"end":{"line":73,"column":8}}]},"2":{"line":253,"type":"if","locations":[{"start":{"line":253,"column":12},"end":{"line":253,"column":12}},{"start":{"line":253,"column":12},"end":{"line":253,"column":12}}]},"3":{"line":261,"type":"if","locations":[{"start":{"line":261,"column":12},"end":{"line":261,"column":12}},{"start":{"line":261,"column":12},"end":{"line":261,"column":12}}]},"4":{"line":269,"type":"if","locations":[{"start":{"line":269,"column":12},"end":{"line":269,"column":12}},{"start":{"line":269,"column":12},"end":{"line":269,"column":12}}]}}},"contracts/views/CompRewardView.sol":{"l":{"20":0,"22":0,"23":0,"24":0,"27":0,"29":0,"31":0,"39":0,"40":0,"42":0,"43":0,"44":0,"53":0,"54":0,"55":0,"59":0,"60":0,"63":0,"64":0,"65":0,"66":0,"74":0,"75":0,"76":0,"80":0,"82":0,"83":0,"84":0,"88":0,"89":0},"path":"/Users/nenadpalinkasevic/Desktop/blockchain/defisaver-v3-contracts/contracts/views/CompRewardView.sol","s":{"1":0,"2":0,"3":0,"4":0,"5":0,"6":0,"7":0,"8":0,"9":0,"10":0,"11":0,"12":0,"13":0,"14":0,"15":0,"16":0,"17":0,"18":0,"19":0,"20":0,"21":0,"22":0,"23":0,"24":0,"25":0,"26":0,"27":0,"28":0,"29":0,"30":0},"b":{"1":[0,0],"2":[0,0]},"f":{"1":0,"2":0,"3":0,"4":0},"fnMap":{"1":{"name":"getBalance","line":19,"loc":{"start":{"line":19,"column":4},"end":{"line":32,"column":4}}},"2":{"name":"getClaimableAssets","line":34,"loc":{"start":{"line":34,"column":4},"end":{"line":46,"column":4}}},"3":{"name":"getSupplyBalance","line":48,"loc":{"start":{"line":48,"column":4},"end":{"line":67,"column":4}}},"4":{"name":"getBorrowBalance","line":69,"loc":{"start":{"line":69,"column":4},"end":{"line":91,"column":4}}}},"statementMap":{"1":{"start":{"line":20,"column":8},"end":{"line":20,"column":31}},"2":{"start":{"line":22,"column":8},"end":{"line":22,"column":751}},"3":{"start":{"line":23,"column":12},"end":{"line":23,"column":62}},"4":{"start":{"line":24,"column":12},"end":{"line":24,"column":62}},"5":{"start":{"line":27,"column":8},"end":{"line":27,"column":89}},"6":{"start":{"line":29,"column":8},"end":{"line":29,"column":56}},"7":{"start":{"line":31,"column":8},"end":{"line":31,"column":26}},"8":{"start":{"line":39,"column":8},"end":{"line":39,"column":49}},"9":{"start":{"line":40,"column":8},"end":{"line":40,"column":49}},"10":{"start":{"line":42,"column":8},"end":{"line":42,"column":1422}},"11":{"start":{"line":43,"column":12},"end":{"line":43,"column":69}},"12":{"start":{"line":44,"column":12},"end":{"line":44,"column":69}},"13":{"start":{"line":53,"column":8},"end":{"line":53,"column":87}},"14":{"start":{"line":54,"column":8},"end":{"line":54,"column":73}},"15":{"start":{"line":55,"column":8},"end":{"line":55,"column":1947}},"16":{"start":{"line":59,"column":8},"end":{"line":59,"column":2070}},"17":{"start":{"line":60,"column":12},"end":{"line":60,"column":52}},"18":{"start":{"line":63,"column":8},"end":{"line":63,"column":67}},"19":{"start":{"line":64,"column":8},"end":{"line":64,"column":70}},"20":{"start":{"line":65,"column":8},"end":{"line":65,"column":64}},"21":{"start":{"line":66,"column":8},"end":{"line":66,"column":38}},"22":{"start":{"line":74,"column":8},"end":{"line":74,"column":87}},"23":{"start":{"line":75,"column":8},"end":{"line":75,"column":73}},"24":{"start":{"line":76,"column":8},"end":{"line":76,"column":2770}},"25":{"start":{"line":80,"column":8},"end":{"line":80,"column":86}},"26":{"start":{"line":82,"column":8},"end":{"line":82,"column":2982}},"27":{"start":{"line":83,"column":12},"end":{"line":83,"column":71}},"28":{"start":{"line":84,"column":12},"end":{"line":84,"column":3106}},"29":{"start":{"line":88,"column":12},"end":{"line":88,"column":68}},"30":{"start":{"line":89,"column":12},"end":{"line":89,"column":42}}},"branchMap":{"1":{"line":59,"type":"if","locations":[{"start":{"line":59,"column":8},"end":{"line":59,"column":8}},{"start":{"line":59,"column":8},"end":{"line":59,"column":8}}]},"2":{"line":82,"type":"if","locations":[{"start":{"line":82,"column":8},"end":{"line":82,"column":8}},{"start":{"line":82,"column":8},"end":{"line":82,"column":8}}]}}},"contracts/views/CompView.sol":{"l":{"52":0,"53":0,"56":0,"57":0,"59":0,"60":0,"62":0,"65":0,"67":0,"68":0,"72":0,"74":0,"76":0,"77":0,"79":0,"81":0,"85":0,"86":0,"90":0,"92":0,"93":0,"101":0,"108":0,"109":0,"111":0,"112":0,"120":0,"122":0,"123":0,"131":0,"132":0,"134":0,"143":0,"144":0,"146":0,"147":0,"149":0,"152":0,"154":0,"155":0,"159":0,"160":0,"161":0,"163":0,"164":0,"165":0,"169":0,"170":0,"171":0,"172":0,"176":0,"178":0,"182":0,"183":0,"185":0,"186":0,"188":0,"191":0,"192":0,"194":0,"203":0,"205":0,"206":0,"214":0,"216":0,"217":0,"225":0,"226":0,"228":0,"229":0,"231":0,"244":0,"245":0,"247":0,"248":0,"249":0,"251":0,"269":0,"270":0,"272":0},"path":"/Users/nenadpalinkasevic/Desktop/blockchain/defisaver-v3-contracts/contracts/views/CompView.sol","s":{"1":0,"2":0,"3":0,"4":0,"5":0,"6":0,"7":0,"8":0,"9":0,"10":0,"11":0,"12":0,"13":0,"14":0,"15":0,"16":0,"17":0,"18":0,"19":0,"20":0,"21":0,"22":0,"23":0,"24":0,"25":0,"26":0,"27":0,"28":0,"29":0,"30":0,"31":0,"32":0,"33":0,"34":0,"35":0,"36":0,"37":0,"38":0,"39":0,"40":0,"41":0,"42":0,"43":0,"44":0,"45":0,"46":0,"47":0,"48":0,"49":0,"50":0,"51":0,"52":0,"53":0,"54":0,"55":0,"56":0,"57":0,"58":0,"59":0,"60":0,"61":0,"62":0,"63":0,"64":0,"65":0,"66":0,"67":0,"68":0,"69":0,"70":0,"71":0,"72":0,"73":0,"74":0,"75":0,"76":0,"77":0,"78":0,"79":0},"b":{"1":[0,0],"2":[0,0],"3":[0,0],"4":[0,0],"5":[0,0],"6":[0,0],"7":[0,0],"8":[0,0]},"f":{"1":0,"2":0,"3":0,"4":0,"5":0,"6":0,"7":0,"8":0,"9":0,"10":0,"11":0},"fnMap":{"1":{"name":"getSafetyRatio","line":50,"loc":{"start":{"line":50,"column":4},"end":{"line":94,"column":4}}},"2":{"name":"getRatio","line":99,"loc":{"start":{"line":99,"column":4},"end":{"line":102,"column":4}}},"3":{"name":"getPrices","line":107,"loc":{"start":{"line":107,"column":4},"end":{"line":114,"column":4}}},"4":{"name":"getCollFactors","line":119,"loc":{"start":{"line":119,"column":4},"end":{"line":125,"column":4}}},"5":{"name":"getLoanData","line":130,"loc":{"start":{"line":130,"column":4},"end":{"line":179,"column":4}}},"6":{"name":"getTokenBalances","line":181,"loc":{"start":{"line":181,"column":4},"end":{"line":197,"column":4}}},"7":{"name":"getLoanDataArr","line":202,"loc":{"start":{"line":202,"column":4},"end":{"line":208,"column":4}}},"8":{"name":"getRatios","line":213,"loc":{"start":{"line":213,"column":4},"end":{"line":219,"column":4}}},"9":{"name":"getTokensInfo","line":224,"loc":{"start":{"line":224,"column":4},"end":{"line":238,"column":4}}},"10":{"name":"getFullTokensInfo","line":243,"loc":{"start":{"line":243,"column":4},"end":{"line":263,"column":4}}},"11":{"name":"getUnderlyingAddr","line":268,"loc":{"start":{"line":268,"column":4},"end":{"line":274,"column":4}}}},"statementMap":{"1":{"start":{"line":52,"column":8},"end":{"line":52,"column":57}},"2":{"start":{"line":53,"column":8},"end":{"line":53,"column":42}},"3":{"start":{"line":56,"column":8},"end":{"line":56,"column":30}},"4":{"start":{"line":57,"column":8},"end":{"line":57,"column":26}},"5":{"start":{"line":59,"column":8},"end":{"line":59,"column":1708}},"6":{"start":{"line":60,"column":12},"end":{"line":60,"column":37}},"7":{"start":{"line":62,"column":12},"end":{"line":62,"column":1877}},"8":{"start":{"line":65,"column":12},"end":{"line":65,"column":34}},"9":{"start":{"line":67,"column":12},"end":{"line":67,"column":2011}},"10":{"start":{"line":68,"column":16},"end":{"line":68,"column":99}},"11":{"start":{"line":72,"column":12},"end":{"line":72,"column":2228}},"12":{"start":{"line":74,"column":16},"end":{"line":74,"column":74}},"13":{"start":{"line":76,"column":16},"end":{"line":76,"column":81}},"14":{"start":{"line":77,"column":16},"end":{"line":77,"column":79}},"15":{"start":{"line":79,"column":16},"end":{"line":79,"column":97}},"16":{"start":{"line":81,"column":16},"end":{"line":81,"column":102}},"17":{"start":{"line":85,"column":12},"end":{"line":85,"column":2763}},"18":{"start":{"line":86,"column":16},"end":{"line":86,"column":94}},"19":{"start":{"line":90,"column":8},"end":{"line":90,"column":49}},"20":{"start":{"line":90,"column":28},"end":{"line":90,"column":49}},"21":{"start":{"line":92,"column":8},"end":{"line":92,"column":67}},"22":{"start":{"line":93,"column":8},"end":{"line":93,"column":42}},"23":{"start":{"line":101,"column":8},"end":{"line":101,"column":36}},"24":{"start":{"line":108,"column":8},"end":{"line":108,"column":43}},"25":{"start":{"line":109,"column":8},"end":{"line":109,"column":42}},"26":{"start":{"line":111,"column":8},"end":{"line":111,"column":3698}},"27":{"start":{"line":112,"column":12},"end":{"line":112,"column":82}},"28":{"start":{"line":120,"column":8},"end":{"line":120,"column":48}},"29":{"start":{"line":122,"column":8},"end":{"line":122,"column":4199}},"30":{"start":{"line":123,"column":12},"end":{"line":123,"column":57}},"31":{"start":{"line":131,"column":8},"end":{"line":131,"column":57}},"32":{"start":{"line":132,"column":8},"end":{"line":132,"column":42}},"33":{"start":{"line":134,"column":8},"end":{"line":134,"column":4690}},"34":{"start":{"line":143,"column":8},"end":{"line":143,"column":24}},"35":{"start":{"line":144,"column":8},"end":{"line":144,"column":26}},"36":{"start":{"line":146,"column":8},"end":{"line":146,"column":5041}},"37":{"start":{"line":147,"column":12},"end":{"line":147,"column":37}},"38":{"start":{"line":149,"column":12},"end":{"line":149,"column":5210}},"39":{"start":{"line":152,"column":12},"end":{"line":152,"column":34}},"40":{"start":{"line":154,"column":12},"end":{"line":154,"column":5344}},"41":{"start":{"line":155,"column":16},"end":{"line":155,"column":99}},"42":{"start":{"line":159,"column":12},"end":{"line":159,"column":5561}},"43":{"start":{"line":160,"column":16},"end":{"line":160,"column":79}},"44":{"start":{"line":161,"column":16},"end":{"line":161,"column":78}},"45":{"start":{"line":163,"column":16},"end":{"line":163,"column":45}},"46":{"start":{"line":164,"column":16},"end":{"line":164,"column":92}},"47":{"start":{"line":169,"column":12},"end":{"line":169,"column":5980}},"48":{"start":{"line":170,"column":16},"end":{"line":170,"column":49}},"49":{"start":{"line":171,"column":16},"end":{"line":171,"column":96}},"50":{"start":{"line":176,"column":8},"end":{"line":176,"column":50}},"51":{"start":{"line":178,"column":8},"end":{"line":178,"column":19}},"52":{"start":{"line":182,"column":8},"end":{"line":182,"column":45}},"53":{"start":{"line":183,"column":8},"end":{"line":183,"column":44}},"54":{"start":{"line":185,"column":8},"end":{"line":185,"column":6535}},"55":{"start":{"line":186,"column":12},"end":{"line":186,"column":39}},"56":{"start":{"line":188,"column":12},"end":{"line":188,"column":6708}},"57":{"start":{"line":191,"column":12},"end":{"line":191,"column":75}},"58":{"start":{"line":192,"column":12},"end":{"line":192,"column":75}},"59":{"start":{"line":194,"column":12},"end":{"line":194,"column":37}},"60":{"start":{"line":203,"column":8},"end":{"line":203,"column":44}},"61":{"start":{"line":205,"column":8},"end":{"line":205,"column":7344}},"62":{"start":{"line":206,"column":12},"end":{"line":206,"column":44}},"63":{"start":{"line":214,"column":8},"end":{"line":214,"column":41}},"64":{"start":{"line":216,"column":8},"end":{"line":216,"column":7750}},"65":{"start":{"line":217,"column":12},"end":{"line":217,"column":48}},"66":{"start":{"line":225,"column":8},"end":{"line":225,"column":56}},"67":{"start":{"line":226,"column":8},"end":{"line":226,"column":42}},"68":{"start":{"line":228,"column":8},"end":{"line":228,"column":8232}},"69":{"start":{"line":229,"column":12},"end":{"line":229,"column":67}},"70":{"start":{"line":231,"column":12},"end":{"line":231,"column":8372}},"71":{"start":{"line":244,"column":8},"end":{"line":244,"column":60}},"72":{"start":{"line":245,"column":8},"end":{"line":245,"column":42}},"73":{"start":{"line":247,"column":8},"end":{"line":247,"column":9076}},"74":{"start":{"line":248,"column":12},"end":{"line":248,"column":67}},"75":{"start":{"line":249,"column":12},"end":{"line":249,"column":57}},"76":{"start":{"line":251,"column":12},"end":{"line":251,"column":9275}},"77":{"start":{"line":269,"column":8},"end":{"line":269,"column":10141}},"78":{"start":{"line":270,"column":12},"end":{"line":270,"column":30}},"79":{"start":{"line":272,"column":12},"end":{"line":272,"column":55}}},"branchMap":{"1":{"line":67,"type":"if","locations":[{"start":{"line":67,"column":12},"end":{"line":67,"column":12}},{"start":{"line":67,"column":12},"end":{"line":67,"column":12}}]},"2":{"line":72,"type":"if","locations":[{"start":{"line":72,"column":12},"end":{"line":72,"column":12}},{"start":{"line":72,"column":12},"end":{"line":72,"column":12}}]},"3":{"line":85,"type":"if","locations":[{"start":{"line":85,"column":12},"end":{"line":85,"column":12}},{"start":{"line":85,"column":12},"end":{"line":85,"column":12}}]},"4":{"line":90,"type":"if","locations":[{"start":{"line":90,"column":8},"end":{"line":90,"column":8}},{"start":{"line":90,"column":8},"end":{"line":90,"column":8}}]},"5":{"line":154,"type":"if","locations":[{"start":{"line":154,"column":12},"end":{"line":154,"column":12}},{"start":{"line":154,"column":12},"end":{"line":154,"column":12}}]},"6":{"line":159,"type":"if","locations":[{"start":{"line":159,"column":12},"end":{"line":159,"column":12}},{"start":{"line":159,"column":12},"end":{"line":159,"column":12}}]},"7":{"line":169,"type":"if","locations":[{"start":{"line":169,"column":12},"end":{"line":169,"column":12}},{"start":{"line":169,"column":12},"end":{"line":169,"column":12}}]},"8":{"line":269,"type":"if","locations":[{"start":{"line":269,"column":8},"end":{"line":269,"column":8}},{"start":{"line":269,"column":8},"end":{"line":269,"column":8}}]}}},"contracts/views/McdView.sol":{"l":{"25":0,"27":0,"28":0,"30":0,"36":0,"37":0,"39":0,"45":0,"46":0,"48":0,"50":0,"52":0},"path":"/Users/nenadpalinkasevic/Desktop/blockchain/defisaver-v3-contracts/contracts/views/McdView.sol","s":{"1":0,"2":0,"3":0,"4":0,"5":0,"6":0,"7":0,"8":0,"9":0,"10":0,"11":0,"12":0,"13":0},"b":{"1":[0,0]},"f":{"1":0,"2":0,"3":0},"fnMap":{"1":{"name":"getVaultInfo","line":24,"loc":{"start":{"line":24,"column":4},"end":{"line":31,"column":4}}},"2":{"name":"getPrice","line":35,"loc":{"start":{"line":35,"column":4},"end":{"line":40,"column":4}}},"3":{"name":"getRatio","line":44,"loc":{"start":{"line":44,"column":4},"end":{"line":53,"column":4}}}},"statementMap":{"1":{"start":{"line":25,"column":8},"end":{"line":25,"column":44}},"2":{"start":{"line":27,"column":8},"end":{"line":27,"column":58}},"3":{"start":{"line":28,"column":8},"end":{"line":28,"column":40}},"4":{"start":{"line":30,"column":8},"end":{"line":30,"column":45}},"5":{"start":{"line":36,"column":8},"end":{"line":36,"column":41}},"6":{"start":{"line":37,"column":8},"end":{"line":37,"column":40}},"7":{"start":{"line":39,"column":8},"end":{"line":39,"column":51}},"8":{"start":{"line":45,"column":8},"end":{"line":45,"column":44}},"9":{"start":{"line":46,"column":8},"end":{"line":46,"column":34}},"10":{"start":{"line":48,"column":8},"end":{"line":48,"column":66}},"11":{"start":{"line":50,"column":8},"end":{"line":50,"column":31}},"12":{"start":{"line":50,"column":23},"end":{"line":50,"column":31}},"13":{"start":{"line":52,"column":8},"end":{"line":52,"column":63}}},"branchMap":{"1":{"line":50,"type":"if","locations":[{"start":{"line":50,"column":8},"end":{"line":50,"column":8}},{"start":{"line":50,"column":8},"end":{"line":50,"column":8}}]}}}}